<?xml version="1.0" encoding="UTF-8"?>
<coverage generated="1737625012">
  <project timestamp="1737625012">
    <file name="/local-packages/crealoz/easy-audit/Block/Adminhtml/Widget/Button/Back.php">
      <class name="Crealoz\EasyAudit\Block\Adminhtml\Widget\Button\Back" namespace="global">
        <metrics complexity="2" methods="2" coveredmethods="2" conditionals="0" coveredconditionals="0" statements="6" coveredstatements="6" elements="8" coveredelements="8"/>
      </class>
      <line num="10" type="method" name="getBackUrl" visibility="public" complexity="1" crap="1" count="1"/>
      <line num="12" type="stmt" count="1"/>
      <line num="15" type="method" name="getButtonData" visibility="public" complexity="1" crap="1" count="1"/>
      <line num="17" type="stmt" count="1"/>
      <line num="18" type="stmt" count="1"/>
      <line num="19" type="stmt" count="1"/>
      <line num="20" type="stmt" count="1"/>
      <line num="21" type="stmt" count="1"/>
      <metrics loc="23" ncloc="23" classes="1" methods="2" coveredmethods="2" conditionals="0" coveredconditionals="0" statements="6" coveredstatements="6" elements="8" coveredelements="8"/>
    </file>
    <file name="/local-packages/crealoz/easy-audit/Block/Adminhtml/Widget/Button/Save.php">
      <class name="Crealoz\EasyAudit\Block\Adminhtml\Widget\Button\Save" namespace="global">
        <metrics complexity="1" methods="1" coveredmethods="1" conditionals="0" coveredconditionals="0" statements="9" coveredstatements="9" elements="10" coveredelements="10"/>
      </class>
      <line num="10" type="method" name="getButtonData" visibility="public" complexity="1" crap="1" count="1"/>
      <line num="12" type="stmt" count="1"/>
      <line num="13" type="stmt" count="1"/>
      <line num="14" type="stmt" count="1"/>
      <line num="15" type="stmt" count="1"/>
      <line num="16" type="stmt" count="1"/>
      <line num="17" type="stmt" count="1"/>
      <line num="18" type="stmt" count="1"/>
      <line num="19" type="stmt" count="1"/>
      <line num="20" type="stmt" count="1"/>
      <metrics loc="22" ncloc="22" classes="1" methods="1" coveredmethods="1" conditionals="0" coveredconditionals="0" statements="9" coveredstatements="9" elements="10" coveredelements="10"/>
    </file>
    <file name="/local-packages/crealoz/easy-audit/Console/RunAuditCommand.php">
      <class name="Crealoz\EasyAudit\Console\RunAuditCommand" namespace="global">
        <metrics complexity="4" methods="3" coveredmethods="3" conditionals="0" coveredconditionals="0" statements="30" coveredstatements="30" elements="33" coveredelements="33"/>
      </class>
      <line num="16" type="method" name="__construct" visibility="public" complexity="1" crap="1" count="2"/>
      <line num="21" type="stmt" count="2"/>
      <line num="24" type="method" name="configure" visibility="protected" complexity="1" crap="1" count="2"/>
      <line num="26" type="stmt" count="2"/>
      <line num="27" type="stmt" count="2"/>
      <line num="28" type="stmt" count="2"/>
      <line num="29" type="stmt" count="2"/>
      <line num="30" type="stmt" count="2"/>
      <line num="31" type="stmt" count="2"/>
      <line num="32" type="stmt" count="2"/>
      <line num="33" type="stmt" count="2"/>
      <line num="34" type="stmt" count="2"/>
      <line num="35" type="stmt" count="2"/>
      <line num="36" type="stmt" count="2"/>
      <line num="37" type="stmt" count="2"/>
      <line num="38" type="stmt" count="2"/>
      <line num="39" type="stmt" count="2"/>
      <line num="40" type="stmt" count="2"/>
      <line num="41" type="stmt" count="2"/>
      <line num="42" type="stmt" count="2"/>
      <line num="48" type="method" name="execute" visibility="protected" complexity="2" crap="2" count="2"/>
      <line num="50" type="stmt" count="2"/>
      <line num="51" type="stmt" count="2"/>
      <line num="53" type="stmt" count="2"/>
      <line num="55" type="stmt" count="2"/>
      <line num="56" type="stmt" count="2"/>
      <line num="57" type="stmt" count="1"/>
      <line num="60" type="stmt" count="2"/>
      <line num="62" type="stmt" count="2"/>
      <line num="64" type="stmt" count="2"/>
      <line num="65" type="stmt" count="2"/>
      <line num="66" type="stmt" count="2"/>
      <line num="67" type="stmt" count="2"/>
      <metrics loc="70" ncloc="63" classes="1" methods="3" coveredmethods="3" conditionals="0" coveredconditionals="0" statements="30" coveredstatements="30" elements="33" coveredelements="33"/>
    </file>
    <file name="/local-packages/crealoz/easy-audit/Controller/Adminhtml/Request/Create.php">
      <class name="Crealoz\EasyAudit\Controller\Adminhtml\Request\Create" namespace="global">
        <metrics complexity="1" methods="1" coveredmethods="1" conditionals="0" coveredconditionals="0" statements="3" coveredstatements="3" elements="4" coveredelements="4"/>
      </class>
      <line num="9" type="method" name="execute" visibility="public" complexity="1" crap="1" count="1"/>
      <line num="11" type="stmt" count="1"/>
      <line num="12" type="stmt" count="1"/>
      <line num="13" type="stmt" count="1"/>
      <metrics loc="15" ncloc="15" classes="1" methods="1" coveredmethods="1" conditionals="0" coveredconditionals="0" statements="3" coveredstatements="3" elements="4" coveredelements="4"/>
    </file>
    <file name="/local-packages/crealoz/easy-audit/Controller/Adminhtml/Request/Download.php">
      <class name="Crealoz\EasyAudit\Controller\Adminhtml\Request\Download" namespace="global">
        <metrics complexity="13" methods="5" coveredmethods="2" conditionals="0" coveredconditionals="0" statements="43" coveredstatements="38" elements="48" coveredelements="40"/>
      </class>
      <line num="18" type="method" name="__construct" visibility="public" complexity="1" crap="1" count="1"/>
      <line num="25" type="stmt" count="1"/>
      <line num="31" type="method" name="execute" visibility="public" complexity="6" crap="6.06" count="1"/>
      <line num="33" type="stmt" count="1"/>
      <line num="35" type="stmt" count="1"/>
      <line num="36" type="stmt" count="1"/>
      <line num="37" type="stmt" count="1"/>
      <line num="40" type="stmt" count="1"/>
      <line num="42" type="stmt" count="1"/>
      <line num="43" type="stmt" count="1"/>
      <line num="44" type="stmt" count="1"/>
      <line num="48" type="stmt" count="1"/>
      <line num="49" type="stmt" count="1"/>
      <line num="50" type="stmt" count="1"/>
      <line num="51" type="stmt" count="1"/>
      <line num="52" type="stmt" count="1"/>
      <line num="53" type="stmt" count="1"/>
      <line num="55" type="stmt" count="1"/>
      <line num="56" type="stmt" count="1"/>
      <line num="57" type="stmt" count="1"/>
      <line num="58" type="stmt" count="1"/>
      <line num="59" type="stmt" count="1"/>
      <line num="61" type="stmt" count="1"/>
      <line num="63" type="stmt" count="1"/>
      <line num="64" type="stmt" count="1"/>
      <line num="66" type="stmt" count="0"/>
      <line num="67" type="stmt" count="0"/>
      <line num="68" type="stmt" count="0"/>
      <line num="77" type="method" name="getFilePath" visibility="private" complexity="2" crap="2.06" count="1"/>
      <line num="79" type="stmt" count="1"/>
      <line num="80" type="stmt" count="1"/>
      <line num="81" type="stmt" count="0"/>
      <line num="84" type="stmt" count="1"/>
      <line num="87" type="method" name="getFileName" visibility="private" complexity="1" crap="1" count="1"/>
      <line num="89" type="stmt" count="1"/>
      <line num="90" type="stmt" count="1"/>
      <line num="98" type="method" name="prepareZip" visibility="private" complexity="3" crap="3.01" count="1"/>
      <line num="100" type="stmt" count="1"/>
      <line num="101" type="stmt" count="1"/>
      <line num="102" type="stmt" count="1"/>
      <line num="103" type="stmt" count="1"/>
      <line num="104" type="stmt" count="0"/>
      <line num="106" type="stmt" count="1"/>
      <line num="107" type="stmt" count="1"/>
      <line num="108" type="stmt" count="1"/>
      <line num="109" type="stmt" count="1"/>
      <line num="111" type="stmt" count="1"/>
      <line num="112" type="stmt" count="1"/>
      <metrics loc="114" ncloc="94" classes="1" methods="5" coveredmethods="2" conditionals="0" coveredconditionals="0" statements="43" coveredstatements="38" elements="48" coveredelements="40"/>
    </file>
    <file name="/local-packages/crealoz/easy-audit/Controller/Adminhtml/Request/Index.php">
      <class name="Crealoz\EasyAudit\Controller\Adminhtml\Request\Index" namespace="global">
        <metrics complexity="1" methods="1" coveredmethods="1" conditionals="0" coveredconditionals="0" statements="3" coveredstatements="3" elements="4" coveredelements="4"/>
      </class>
      <line num="9" type="method" name="execute" visibility="public" complexity="1" crap="1" count="1"/>
      <line num="11" type="stmt" count="1"/>
      <line num="12" type="stmt" count="1"/>
      <line num="13" type="stmt" count="1"/>
      <metrics loc="15" ncloc="15" classes="1" methods="1" coveredmethods="1" conditionals="0" coveredconditionals="0" statements="3" coveredstatements="3" elements="4" coveredelements="4"/>
    </file>
    <file name="/local-packages/crealoz/easy-audit/Controller/Adminhtml/Request/Save.php">
      <class name="Crealoz\EasyAudit\Controller\Adminhtml\Request\Save" namespace="global">
        <metrics complexity="4" methods="2" coveredmethods="2" conditionals="0" coveredconditionals="0" statements="13" coveredstatements="13" elements="15" coveredelements="15"/>
      </class>
      <line num="19" type="method" name="__construct" visibility="public" complexity="1" crap="1" count="1"/>
      <line num="27" type="stmt" count="1"/>
      <line num="30" type="method" name="execute" visibility="public" complexity="3" crap="3" count="1"/>
      <line num="35" type="stmt" count="1"/>
      <line num="36" type="stmt" count="1"/>
      <line num="37" type="stmt" count="1"/>
      <line num="38" type="stmt" count="1"/>
      <line num="39" type="stmt" count="1"/>
      <line num="40" type="stmt" count="1"/>
      <line num="42" type="stmt" count="1"/>
      <line num="43" type="stmt" count="1"/>
      <line num="44" type="stmt" count="1"/>
      <line num="45" type="stmt" count="1"/>
      <line num="46" type="stmt" count="1"/>
      <line num="48" type="stmt" count="1"/>
      <metrics loc="51" ncloc="47" classes="1" methods="2" coveredmethods="2" conditionals="0" coveredconditionals="0" statements="13" coveredstatements="13" elements="15" coveredelements="15"/>
    </file>
    <file name="/local-packages/crealoz/easy-audit/Cron/Audit.php">
      <class name="Crealoz\EasyAudit\Cron\Audit" namespace="global">
        <metrics complexity="4" methods="2" coveredmethods="2" conditionals="0" coveredconditionals="0" statements="9" coveredstatements="9" elements="11" coveredelements="11"/>
      </class>
      <line num="14" type="method" name="__construct" visibility="public" complexity="1" crap="1" count="1"/>
      <line num="21" type="stmt" count="1"/>
      <line num="27" type="method" name="execute" visibility="public" complexity="3" crap="3" count="1"/>
      <line num="29" type="stmt" count="1"/>
      <line num="30" type="stmt" count="1"/>
      <line num="32" type="stmt" count="1"/>
      <line num="33" type="stmt" count="1"/>
      <line num="34" type="stmt" count="1"/>
      <line num="36" type="stmt" count="1"/>
      <line num="37" type="stmt" count="1"/>
      <line num="39" type="stmt" count="1"/>
      <metrics loc="43" ncloc="34" classes="1" methods="2" coveredmethods="2" conditionals="0" coveredconditionals="0" statements="9" coveredstatements="9" elements="11" coveredelements="11"/>
    </file>
    <file name="/local-packages/crealoz/easy-audit/Exception/Processor/AuditProcessorException.php">
      <class name="Crealoz\EasyAudit\Exception\Processor\AuditProcessorException" namespace="global">
        <metrics complexity="2" methods="2" coveredmethods="2" conditionals="0" coveredconditionals="0" statements="3" coveredstatements="3" elements="5" coveredelements="5"/>
      </class>
      <line num="15" type="method" name="__construct" visibility="public" complexity="1" crap="1" count="6"/>
      <line num="17" type="stmt" count="6"/>
      <line num="18" type="stmt" count="6"/>
      <line num="21" type="method" name="getErroneousFile" visibility="public" complexity="1" crap="1" count="6"/>
      <line num="23" type="stmt" count="6"/>
      <metrics loc="26" ncloc="23" classes="1" methods="2" coveredmethods="2" conditionals="0" coveredconditionals="0" statements="3" coveredstatements="3" elements="5" coveredelements="5"/>
    </file>
    <file name="/local-packages/crealoz/easy-audit/Exception/Processor/GeneralAuditException.php">
      <class name="Crealoz\EasyAudit\Exception\Processor\GeneralAuditException" namespace="global">
        <metrics complexity="0" methods="0" coveredmethods="0" conditionals="0" coveredconditionals="0" statements="0" coveredstatements="0" elements="0" coveredelements="0"/>
      </class>
      <metrics loc="11" ncloc="11" classes="0" methods="0" coveredmethods="0" conditionals="0" coveredconditionals="0" statements="0" coveredstatements="0" elements="0" coveredelements="0"/>
    </file>
    <file name="/local-packages/crealoz/easy-audit/Exception/Processor/Getters/NotAClassException.php">
      <class name="Crealoz\EasyAudit\Exception\Processor\Getters\NotAClassException" namespace="global">
        <metrics complexity="0" methods="0" coveredmethods="0" conditionals="0" coveredconditionals="0" statements="0" coveredstatements="0" elements="0" coveredelements="0"/>
      </class>
      <metrics loc="10" ncloc="10" classes="0" methods="0" coveredmethods="0" conditionals="0" coveredconditionals="0" statements="0" coveredstatements="0" elements="0" coveredelements="0"/>
    </file>
    <file name="/local-packages/crealoz/easy-audit/Exception/Processor/Modules/EnabledStatusIrretrievableException.php">
      <class name="Crealoz\EasyAudit\Exception\Processor\Modules\EnabledStatusIrretrievableException" namespace="global">
        <metrics complexity="0" methods="0" coveredmethods="0" conditionals="0" coveredconditionals="0" statements="0" coveredstatements="0" elements="0" coveredelements="0"/>
      </class>
      <metrics loc="10" ncloc="10" classes="0" methods="0" coveredmethods="0" conditionals="0" coveredconditionals="0" statements="0" coveredstatements="0" elements="0" coveredelements="0"/>
    </file>
    <file name="/local-packages/crealoz/easy-audit/Exception/Processor/Plugins/AroundToAfterPluginException.php">
      <class name="Crealoz\EasyAudit\Exception\Processor\Plugins\AroundToAfterPluginException" namespace="global">
        <metrics complexity="0" methods="0" coveredmethods="0" conditionals="0" coveredconditionals="0" statements="0" coveredstatements="0" elements="0" coveredelements="0"/>
      </class>
      <metrics loc="13" ncloc="10" classes="0" methods="0" coveredmethods="0" conditionals="0" coveredconditionals="0" statements="0" coveredstatements="0" elements="0" coveredelements="0"/>
    </file>
    <file name="/local-packages/crealoz/easy-audit/Exception/Processor/Plugins/AroundToBeforePluginException.php">
      <class name="Crealoz\EasyAudit\Exception\Processor\Plugins\AroundToBeforePluginException" namespace="global">
        <metrics complexity="0" methods="0" coveredmethods="0" conditionals="0" coveredconditionals="0" statements="0" coveredstatements="0" elements="0" coveredelements="0"/>
      </class>
      <metrics loc="13" ncloc="10" classes="0" methods="0" coveredmethods="0" conditionals="0" coveredconditionals="0" statements="0" coveredstatements="0" elements="0" coveredelements="0"/>
    </file>
    <file name="/local-packages/crealoz/easy-audit/Exception/Processor/Plugins/ConfigProviderPluginException.php">
      <class name="Crealoz\EasyAudit\Exception\Processor\Plugins\ConfigProviderPluginException" namespace="global">
        <metrics complexity="0" methods="0" coveredmethods="0" conditionals="0" coveredconditionals="0" statements="0" coveredstatements="0" elements="0" coveredelements="0"/>
      </class>
      <metrics loc="10" ncloc="10" classes="0" methods="0" coveredmethods="0" conditionals="0" coveredconditionals="0" statements="0" coveredstatements="0" elements="0" coveredelements="0"/>
    </file>
    <file name="/local-packages/crealoz/easy-audit/Exception/Processor/Plugins/MagentoFrameworkPluginExtension.php">
      <class name="Crealoz\EasyAudit\Exception\Processor\Plugins\MagentoFrameworkPluginExtension" namespace="global">
        <metrics complexity="2" methods="2" coveredmethods="2" conditionals="0" coveredconditionals="0" statements="3" coveredstatements="3" elements="5" coveredelements="5"/>
      </class>
      <line num="15" type="method" name="__construct" visibility="public" complexity="1" crap="1" count="1"/>
      <line num="17" type="stmt" count="1"/>
      <line num="18" type="stmt" count="1"/>
      <line num="21" type="method" name="getPluggedFile" visibility="public" complexity="1" crap="1" count="1"/>
      <line num="23" type="stmt" count="1"/>
      <metrics loc="26" ncloc="23" classes="1" methods="2" coveredmethods="2" conditionals="0" coveredconditionals="0" statements="3" coveredstatements="3" elements="5" coveredelements="5"/>
    </file>
    <file name="/local-packages/crealoz/easy-audit/Exception/Processor/Plugins/SameModulePluginException.php">
      <class name="Crealoz\EasyAudit\Exception\Processor\Plugins\SameModulePluginException" namespace="global">
        <metrics complexity="0" methods="0" coveredmethods="0" conditionals="0" coveredconditionals="0" statements="0" coveredstatements="0" elements="0" coveredelements="0"/>
      </class>
      <metrics loc="14" ncloc="11" classes="0" methods="0" coveredmethods="0" conditionals="0" coveredconditionals="0" statements="0" coveredstatements="0" elements="0" coveredelements="0"/>
    </file>
    <file name="/local-packages/crealoz/easy-audit/Model/AuditRequest.php">
      <class name="Crealoz\EasyAudit\Model\AuditRequest" namespace="global">
        <metrics complexity="12" methods="12" coveredmethods="12" conditionals="0" coveredconditionals="0" statements="19" coveredstatements="19" elements="31" coveredelements="31"/>
      </class>
      <line num="18" type="method" name="_construct" visibility="protected" complexity="1" crap="1" count="6"/>
      <line num="20" type="stmt" count="6"/>
      <line num="26" type="method" name="getUsername" visibility="public" complexity="1" crap="1" count="1"/>
      <line num="28" type="stmt" count="1"/>
      <line num="34" type="method" name="setUsername" visibility="public" complexity="1" crap="1" count="1"/>
      <line num="36" type="stmt" count="1"/>
      <line num="37" type="stmt" count="1"/>
      <line num="43" type="method" name="getExecutionTime" visibility="public" complexity="1" crap="1" count="1"/>
      <line num="45" type="stmt" count="1"/>
      <line num="51" type="method" name="setExecutionTime" visibility="public" complexity="1" crap="1" count="1"/>
      <line num="53" type="stmt" count="1"/>
      <line num="54" type="stmt" count="1"/>
      <line num="60" type="method" name="getCreatedAt" visibility="public" complexity="1" crap="1" count="1"/>
      <line num="62" type="stmt" count="1"/>
      <line num="68" type="method" name="setCreatedAt" visibility="public" complexity="1" crap="1" count="1"/>
      <line num="70" type="stmt" count="1"/>
      <line num="71" type="stmt" count="1"/>
      <line num="77" type="method" name="getRequest" visibility="public" complexity="1" crap="1" count="1"/>
      <line num="79" type="stmt" count="1"/>
      <line num="85" type="method" name="setRequest" visibility="public" complexity="1" crap="1" count="1"/>
      <line num="87" type="stmt" count="1"/>
      <line num="88" type="stmt" count="1"/>
      <line num="94" type="method" name="getFiles" visibility="public" complexity="1" crap="1" count="1"/>
      <line num="96" type="stmt" count="1"/>
      <line num="102" type="method" name="setFiles" visibility="public" complexity="1" crap="1" count="1"/>
      <line num="104" type="stmt" count="1"/>
      <line num="105" type="stmt" count="1"/>
      <line num="111" type="method" name="addFile" visibility="public" complexity="1" crap="1" count="1"/>
      <line num="113" type="stmt" count="1"/>
      <line num="114" type="stmt" count="1"/>
      <line num="115" type="stmt" count="1"/>
      <metrics loc="118" ncloc="80" classes="1" methods="12" coveredmethods="12" conditionals="0" coveredconditionals="0" statements="19" coveredstatements="19" elements="31" coveredelements="31"/>
    </file>
    <file name="/local-packages/crealoz/easy-audit/Model/AuditRequestRepository.php">
      <class name="Crealoz\EasyAudit\Model\AuditRequestRepository" namespace="global">
        <metrics complexity="8" methods="7" coveredmethods="7" conditionals="0" coveredconditionals="0" statements="20" coveredstatements="20" elements="27" coveredelements="27"/>
      </class>
      <line num="18" type="method" name="__construct" visibility="public" complexity="1" crap="1" count="7"/>
      <line num="26" type="stmt" count="7"/>
      <line num="31" type="method" name="save" visibility="public" complexity="2" crap="2" count="2"/>
      <line num="34" type="stmt" count="2"/>
      <line num="35" type="stmt" count="1"/>
      <line num="36" type="stmt" count="1"/>
      <line num="43" type="method" name="getById" visibility="public" complexity="1" crap="1" count="2"/>
      <line num="45" type="stmt" count="2"/>
      <line num="46" type="stmt" count="2"/>
      <line num="47" type="stmt" count="2"/>
      <line num="53" type="method" name="delete" visibility="public" complexity="1" crap="1" count="2"/>
      <line num="55" type="stmt" count="2"/>
      <line num="61" type="method" name="deleteById" visibility="public" complexity="1" crap="1" count="1"/>
      <line num="63" type="stmt" count="1"/>
      <line num="64" type="stmt" count="1"/>
      <line num="70" type="method" name="getList" visibility="public" complexity="1" crap="1" count="1"/>
      <line num="72" type="stmt" count="1"/>
      <line num="73" type="stmt" count="1"/>
      <line num="74" type="stmt" count="1"/>
      <line num="75" type="stmt" count="1"/>
      <line num="76" type="stmt" count="1"/>
      <line num="77" type="stmt" count="1"/>
      <line num="78" type="stmt" count="1"/>
      <line num="84" type="method" name="getAuditsToBeRun" visibility="public" complexity="1" crap="1" count="1"/>
      <line num="86" type="stmt" count="1"/>
      <line num="87" type="stmt" count="1"/>
      <line num="88" type="stmt" count="1"/>
      <metrics loc="91" ncloc="73" classes="1" methods="7" coveredmethods="7" conditionals="0" coveredconditionals="0" statements="20" coveredstatements="20" elements="27" coveredelements="27"/>
    </file>
    <file name="/local-packages/crealoz/easy-audit/Model/AuditStorage.php">
      <class name="Crealoz\EasyAudit\Model\AuditStorage" namespace="global">
        <metrics complexity="5" methods="4" coveredmethods="4" conditionals="0" coveredconditionals="0" statements="5" coveredstatements="5" elements="9" coveredelements="9"/>
      </class>
      <line num="11" type="method" name="__construct" visibility="public" complexity="1" crap="1" count="2"/>
      <line num="14" type="stmt" count="2"/>
      <line num="16" type="method" name="getIgnoredModules" visibility="public" complexity="1" crap="1" count="2"/>
      <line num="18" type="stmt" count="2"/>
      <line num="26" type="method" name="setIgnoredModules" visibility="public" complexity="2" crap="2" count="1"/>
      <line num="28" type="stmt" count="1"/>
      <line num="29" type="stmt" count="1"/>
      <line num="40" type="method" name="isModuleIgnored" visibility="public" complexity="1" crap="1" count="1"/>
      <line num="42" type="stmt" count="1"/>
      <metrics loc="44" ncloc="32" classes="1" methods="4" coveredmethods="4" conditionals="0" coveredconditionals="0" statements="5" coveredstatements="5" elements="9" coveredelements="9"/>
    </file>
    <file name="/local-packages/crealoz/easy-audit/Model/FileRepository.php">
      <class name="Crealoz\EasyAudit\Model\FileRepository" namespace="global">
        <metrics complexity="10" methods="7" coveredmethods="7" conditionals="0" coveredconditionals="0" statements="27" coveredstatements="27" elements="34" coveredelements="34"/>
      </class>
      <line num="17" type="method" name="__construct" visibility="public" complexity="1" crap="1" count="9"/>
      <line num="27" type="stmt" count="9"/>
      <line num="32" type="method" name="save" visibility="public" complexity="2" crap="2" count="2"/>
      <line num="35" type="stmt" count="2"/>
      <line num="36" type="stmt" count="1"/>
      <line num="37" type="stmt" count="1"/>
      <line num="39" type="stmt" count="1"/>
      <line num="45" type="method" name="getById" visibility="public" complexity="2" crap="2" count="2"/>
      <line num="47" type="stmt" count="2"/>
      <line num="48" type="stmt" count="2"/>
      <line num="49" type="stmt" count="2"/>
      <line num="50" type="stmt" count="1"/>
      <line num="52" type="stmt" count="1"/>
      <line num="58" type="method" name="getList" visibility="public" complexity="1" crap="1" count="3"/>
      <line num="60" type="stmt" count="3"/>
      <line num="61" type="stmt" count="3"/>
      <line num="62" type="stmt" count="3"/>
      <line num="63" type="stmt" count="3"/>
      <line num="64" type="stmt" count="3"/>
      <line num="65" type="stmt" count="3"/>
      <line num="66" type="stmt" count="3"/>
      <line num="72" type="method" name="delete" visibility="public" complexity="2" crap="2" count="2"/>
      <line num="75" type="stmt" count="2"/>
      <line num="76" type="stmt" count="1"/>
      <line num="77" type="stmt" count="1"/>
      <line num="79" type="stmt" count="1"/>
      <line num="85" type="method" name="getByRequestId" visibility="public" complexity="1" crap="1" count="1"/>
      <line num="87" type="stmt" count="1"/>
      <line num="88" type="stmt" count="1"/>
      <line num="89" type="stmt" count="1"/>
      <line num="92" type="method" name="hasFiles" visibility="public" complexity="1" crap="1" count="1"/>
      <line num="94" type="stmt" count="1"/>
      <line num="95" type="stmt" count="1"/>
      <line num="96" type="stmt" count="1"/>
      <metrics loc="99" ncloc="84" classes="1" methods="7" coveredmethods="7" conditionals="0" coveredconditionals="0" statements="27" coveredstatements="27" elements="34" coveredelements="34"/>
    </file>
    <file name="/local-packages/crealoz/easy-audit/Model/Request/File.php">
      <class name="Crealoz\EasyAudit\Model\Request\File" namespace="global">
        <metrics complexity="8" methods="8" coveredmethods="0" conditionals="0" coveredconditionals="0" statements="12" coveredstatements="0" elements="20" coveredelements="0"/>
      </class>
      <line num="16" type="method" name="getFileId" visibility="public" complexity="1" crap="2" count="0"/>
      <line num="18" type="stmt" count="0"/>
      <line num="24" type="method" name="setFileId" visibility="public" complexity="1" crap="2" count="0"/>
      <line num="26" type="stmt" count="0"/>
      <line num="27" type="stmt" count="0"/>
      <line num="33" type="method" name="getRequestId" visibility="public" complexity="1" crap="2" count="0"/>
      <line num="35" type="stmt" count="0"/>
      <line num="41" type="method" name="setRequestId" visibility="public" complexity="1" crap="2" count="0"/>
      <line num="43" type="stmt" count="0"/>
      <line num="44" type="stmt" count="0"/>
      <line num="50" type="method" name="getFilename" visibility="public" complexity="1" crap="2" count="0"/>
      <line num="52" type="stmt" count="0"/>
      <line num="58" type="method" name="setFilename" visibility="public" complexity="1" crap="2" count="0"/>
      <line num="60" type="stmt" count="0"/>
      <line num="61" type="stmt" count="0"/>
      <line num="67" type="method" name="getContent" visibility="public" complexity="1" crap="2" count="0"/>
      <line num="69" type="stmt" count="0"/>
      <line num="75" type="method" name="setContent" visibility="public" complexity="1" crap="2" count="0"/>
      <line num="77" type="stmt" count="0"/>
      <line num="78" type="stmt" count="0"/>
      <metrics loc="82" ncloc="58" classes="1" methods="8" coveredmethods="0" conditionals="0" coveredconditionals="0" statements="12" coveredstatements="0" elements="20" coveredelements="0"/>
    </file>
    <file name="/local-packages/crealoz/easy-audit/Model/ResourceModel/AuditRequest.php">
      <class name="Crealoz\EasyAudit\Model\ResourceModel\AuditRequest" namespace="global">
        <metrics complexity="9" methods="4" coveredmethods="0" conditionals="0" coveredconditionals="0" statements="33" coveredstatements="0" elements="37" coveredelements="0"/>
      </class>
      <line num="11" type="method" name="__construct" visibility="public" complexity="1" crap="2" count="0"/>
      <line num="17" type="stmt" count="0"/>
      <line num="20" type="method" name="_construct" visibility="protected" complexity="1" crap="2" count="0"/>
      <line num="22" type="stmt" count="0"/>
      <line num="30" type="method" name="_afterLoad" visibility="protected" complexity="3" crap="12" count="0"/>
      <line num="32" type="stmt" count="0"/>
      <line num="33" type="stmt" count="0"/>
      <line num="34" type="stmt" count="0"/>
      <line num="36" type="stmt" count="0"/>
      <line num="37" type="stmt" count="0"/>
      <line num="38" type="stmt" count="0"/>
      <line num="39" type="stmt" count="0"/>
      <line num="40" type="stmt" count="0"/>
      <line num="41" type="stmt" count="0"/>
      <line num="42" type="stmt" count="0"/>
      <line num="44" type="stmt" count="0"/>
      <line num="51" type="method" name="_afterSave" visibility="protected" complexity="4" crap="20" count="0"/>
      <line num="53" type="stmt" count="0"/>
      <line num="54" type="stmt" count="0"/>
      <line num="56" type="stmt" count="0"/>
      <line num="57" type="stmt" count="0"/>
      <line num="58" type="stmt" count="0"/>
      <line num="59" type="stmt" count="0"/>
      <line num="60" type="stmt" count="0"/>
      <line num="61" type="stmt" count="0"/>
      <line num="62" type="stmt" count="0"/>
      <line num="63" type="stmt" count="0"/>
      <line num="65" type="stmt" count="0"/>
      <line num="66" type="stmt" count="0"/>
      <line num="67" type="stmt" count="0"/>
      <line num="68" type="stmt" count="0"/>
      <line num="69" type="stmt" count="0"/>
      <line num="70" type="stmt" count="0"/>
      <line num="71" type="stmt" count="0"/>
      <line num="72" type="stmt" count="0"/>
      <line num="73" type="stmt" count="0"/>
      <line num="76" type="stmt" count="0"/>
      <metrics loc="79" ncloc="69" classes="1" methods="4" coveredmethods="0" conditionals="0" coveredconditionals="0" statements="33" coveredstatements="0" elements="37" coveredelements="0"/>
    </file>
    <file name="/local-packages/crealoz/easy-audit/Model/ResourceModel/AuditRequest/Collection.php">
      <class name="Crealoz\EasyAudit\Model\ResourceModel\AuditRequest\Collection" namespace="global">
        <metrics complexity="1" methods="1" coveredmethods="0" conditionals="0" coveredconditionals="0" statements="1" coveredstatements="0" elements="2" coveredelements="0"/>
      </class>
      <line num="11" type="method" name="_construct" visibility="protected" complexity="1" crap="2" count="0"/>
      <line num="13" type="stmt" count="0"/>
      <metrics loc="16" ncloc="16" classes="1" methods="1" coveredmethods="0" conditionals="0" coveredconditionals="0" statements="1" coveredstatements="0" elements="2" coveredelements="0"/>
    </file>
    <file name="/local-packages/crealoz/easy-audit/Model/ResourceModel/Request/File.php">
      <class name="Crealoz\EasyAudit\Model\ResourceModel\Request\File" namespace="global">
        <metrics complexity="1" methods="1" coveredmethods="0" conditionals="0" coveredconditionals="0" statements="1" coveredstatements="0" elements="2" coveredelements="0"/>
      </class>
      <line num="11" type="method" name="_construct" visibility="protected" complexity="1" crap="2" count="0"/>
      <line num="12" type="stmt" count="0"/>
      <metrics loc="16" ncloc="16" classes="1" methods="1" coveredmethods="0" conditionals="0" coveredconditionals="0" statements="1" coveredstatements="0" elements="2" coveredelements="0"/>
    </file>
    <file name="/local-packages/crealoz/easy-audit/Model/ResourceModel/Request/File/Collection.php">
      <class name="Crealoz\EasyAudit\Model\ResourceModel\Request\File\Collection" namespace="global">
        <metrics complexity="1" methods="1" coveredmethods="0" conditionals="0" coveredconditionals="0" statements="1" coveredstatements="0" elements="2" coveredelements="0"/>
      </class>
      <line num="11" type="method" name="_construct" visibility="protected" complexity="1" crap="2" count="0"/>
      <line num="12" type="stmt" count="0"/>
      <metrics loc="16" ncloc="16" classes="1" methods="1" coveredmethods="0" conditionals="0" coveredconditionals="0" statements="1" coveredstatements="0" elements="2" coveredelements="0"/>
    </file>
    <file name="/local-packages/crealoz/easy-audit/Processor/Files/AbstractArrayProcessor.php">
      <class name="Crealoz\EasyAudit\Processor\Files\AbstractArrayProcessor" namespace="global">
        <metrics complexity="2" methods="2" coveredmethods="2" conditionals="0" coveredconditionals="0" statements="2" coveredstatements="2" elements="4" coveredelements="4"/>
      </class>
      <line num="11" type="method" name="setArray" visibility="public" complexity="1" crap="1" count="2"/>
      <line num="13" type="stmt" count="2"/>
      <line num="16" type="method" name="getArray" visibility="public" complexity="1" crap="1" count="2"/>
      <line num="18" type="stmt" count="2"/>
      <metrics loc="20" ncloc="20" classes="1" methods="2" coveredmethods="2" conditionals="0" coveredconditionals="0" statements="2" coveredstatements="2" elements="4" coveredelements="4"/>
    </file>
    <file name="/local-packages/crealoz/easy-audit/Processor/Files/AbstractAuditProcessor.php">
      <class name="Crealoz\EasyAudit\Processor\Files\AbstractAuditProcessor" namespace="global">
        <metrics complexity="13" methods="7" coveredmethods="6" conditionals="0" coveredconditionals="0" statements="14" coveredstatements="13" elements="21" coveredelements="19"/>
      </class>
      <line num="16" type="method" name="__construct" visibility="public" complexity="1" crap="1" count="30"/>
      <line num="20" type="stmt" count="30"/>
      <line num="22" type="method" name="hasErrors" visibility="public" complexity="2" crap="2" count="1"/>
      <line num="24" type="stmt" count="1"/>
      <line num="31" type="method" name="prepopulateResults" visibility="public" complexity="1" crap="1" count="8"/>
      <line num="32" type="stmt" count="8"/>
      <line num="40" type="method" name="getIgnoredModules" visibility="protected" complexity="1" crap="1" count="1"/>
      <line num="42" type="stmt" count="1"/>
      <line num="48" type="method" name="getResults" visibility="public" complexity="5" crap="5.12" count="20"/>
      <line num="51" type="stmt" count="20"/>
      <line num="52" type="stmt" count="20"/>
      <line num="53" type="stmt" count="20"/>
      <line num="54" type="stmt" count="20"/>
      <line num="56" type="stmt" count="0"/>
      <line num="58" type="stmt" count="20"/>
      <line num="61" type="method" name="getErroneousFiles" visibility="public" complexity="1" crap="1" count="1"/>
      <line num="63" type="stmt" count="1"/>
      <line num="66" type="method" name="addErroneousFile" visibility="protected" complexity="2" crap="2" count="13"/>
      <line num="68" type="stmt" count="13"/>
      <line num="69" type="stmt" count="13"/>
      <line num="71" type="stmt" count="8"/>
      <metrics loc="75" ncloc="63" classes="1" methods="7" coveredmethods="6" conditionals="0" coveredconditionals="0" statements="14" coveredstatements="13" elements="21" coveredelements="19"/>
    </file>
    <file name="/local-packages/crealoz/easy-audit/Processor/Files/AbstractFileProcessor.php">
      <class name="Crealoz\EasyAudit\Processor\Files\AbstractFileProcessor" namespace="global">
        <metrics complexity="2" methods="2" coveredmethods="2" conditionals="0" coveredconditionals="0" statements="2" coveredstatements="2" elements="4" coveredelements="4"/>
      </class>
      <line num="12" type="method" name="setFile" visibility="public" complexity="1" crap="1" count="15"/>
      <line num="14" type="stmt" count="15"/>
      <line num="17" type="method" name="getFile" visibility="public" complexity="1" crap="1" count="15"/>
      <line num="19" type="stmt" count="15"/>
      <metrics loc="21" ncloc="21" classes="1" methods="2" coveredmethods="2" conditionals="0" coveredconditionals="0" statements="2" coveredstatements="2" elements="4" coveredelements="4"/>
    </file>
    <file name="/local-packages/crealoz/easy-audit/Processor/Files/AbstractXmlProcessor.php">
      <class name="Crealoz\EasyAudit\Processor\Files\AbstractXmlProcessor" namespace="global">
        <metrics complexity="1" methods="1" coveredmethods="1" conditionals="0" coveredconditionals="0" statements="1" coveredstatements="1" elements="2" coveredelements="2"/>
      </class>
      <line num="10" type="method" name="getContent" visibility="protected" complexity="1" crap="1" count="7"/>
      <line num="12" type="stmt" count="7"/>
      <metrics loc="14" ncloc="14" classes="1" methods="1" coveredmethods="1" conditionals="0" coveredconditionals="0" statements="1" coveredstatements="1" elements="2" coveredelements="2"/>
    </file>
    <file name="/local-packages/crealoz/easy-audit/Processor/Files/Code/BlockViewModelRatio.php">
      <class name="Crealoz\EasyAudit\Processor\Files\Code\BlockViewModelRatio" namespace="global">
        <metrics complexity="17" methods="10" coveredmethods="9" conditionals="0" coveredconditionals="0" statements="45" coveredstatements="44" elements="55" coveredelements="53"/>
      </class>
      <line num="12" type="method" name="getProcessorName" visibility="public" complexity="1" crap="1" count="2"/>
      <line num="14" type="stmt" count="2"/>
      <line num="17" type="method" name="getAuditSection" visibility="public" complexity="1" crap="1" count="2"/>
      <line num="19" type="stmt" count="2"/>
      <line num="22" type="method" name="prepopulateResults" visibility="public" complexity="1" crap="1" count="2"/>
      <line num="24" type="stmt" count="2"/>
      <line num="25" type="stmt" count="2"/>
      <line num="26" type="stmt" count="2"/>
      <line num="27" type="stmt" count="2"/>
      <line num="28" type="stmt" count="2"/>
      <line num="29" type="stmt" count="2"/>
      <line num="30" type="stmt" count="2"/>
      <line num="31" type="stmt" count="2"/>
      <line num="32" type="stmt" count="2"/>
      <line num="36" type="method" name="getBVMWarningEntry" visibility="private" complexity="1" crap="1" count="2"/>
      <line num="38" type="stmt" count="2"/>
      <line num="39" type="stmt" count="2"/>
      <line num="40" type="stmt" count="2"/>
      <line num="41" type="stmt" count="2"/>
      <line num="42" type="stmt" count="2"/>
      <line num="43" type="stmt" count="2"/>
      <line num="44" type="stmt" count="2"/>
      <line num="45" type="stmt" count="2"/>
      <line num="48" type="method" name="run" visibility="public" complexity="3" crap="3" count="2"/>
      <line num="50" type="stmt" count="2"/>
      <line num="51" type="stmt" count="2"/>
      <line num="52" type="stmt" count="1"/>
      <line num="53" type="stmt" count="1"/>
      <line num="54" type="stmt" count="1"/>
      <line num="55" type="stmt" count="1"/>
      <line num="60" type="method" name="segregateFilesByModule" visibility="private" complexity="4" crap="4.02" count="2"/>
      <line num="62" type="stmt" count="2"/>
      <line num="63" type="stmt" count="2"/>
      <line num="64" type="stmt" count="1"/>
      <line num="65" type="stmt" count="1"/>
      <line num="66" type="stmt" count="0"/>
      <line num="68" type="stmt" count="1"/>
      <line num="69" type="stmt" count="1"/>
      <line num="71" type="stmt" count="1"/>
      <line num="73" type="stmt" count="2"/>
      <line num="76" type="method" name="getModuleFromPath" visibility="private" complexity="1" crap="1" count="1"/>
      <line num="78" type="stmt" count="1"/>
      <line num="79" type="stmt" count="1"/>
      <line num="82" type="method" name="getBlockViewModelRatio" visibility="private" complexity="3" crap="3" count="1"/>
      <line num="84" type="stmt" count="1"/>
      <line num="85" type="stmt" count="1"/>
      <line num="86" type="stmt" count="1"/>
      <line num="87" type="stmt" count="1"/>
      <line num="88" type="stmt" count="1"/>
      <line num="91" type="stmt" count="1"/>
      <line num="94" type="method" name="isFileInBlockFolder" visibility="private" complexity="1" crap="1" count="1"/>
      <line num="96" type="stmt" count="1"/>
      <line num="97" type="stmt" count="1"/>
      <line num="100" type="method" name="getProcessorTag" visibility="public" complexity="1" crap="1" count="2"/>
      <line num="102" type="stmt" count="2"/>
      <metrics loc="104" ncloc="104" classes="1" methods="10" coveredmethods="9" conditionals="0" coveredconditionals="0" statements="45" coveredstatements="44" elements="55" coveredelements="53"/>
    </file>
    <file name="/local-packages/crealoz/easy-audit/Processor/Files/Code/HardWrittenSQL.php">
      <class name="Crealoz\EasyAudit\Processor\Files\Code\HardWrittenSQL" namespace="global">
        <metrics complexity="21" methods="11" coveredmethods="11" conditionals="0" coveredconditionals="0" statements="85" coveredstatements="85" elements="96" coveredelements="96"/>
      </class>
      <line num="15" type="method" name="getProcessorName" visibility="public" complexity="1" crap="1" count="2"/>
      <line num="17" type="stmt" count="2"/>
      <line num="20" type="method" name="getAuditSection" visibility="public" complexity="1" crap="1" count="2"/>
      <line num="22" type="stmt" count="2"/>
      <line num="25" type="method" name="__construct" visibility="public" complexity="1" crap="1" count="6"/>
      <line num="30" type="stmt" count="6"/>
      <line num="33" type="method" name="prepopulateResults" visibility="public" complexity="1" crap="1" count="3"/>
      <line num="35" type="stmt" count="3"/>
      <line num="36" type="stmt" count="3"/>
      <line num="37" type="stmt" count="3"/>
      <line num="38" type="stmt" count="3"/>
      <line num="39" type="stmt" count="3"/>
      <line num="40" type="stmt" count="3"/>
      <line num="41" type="stmt" count="3"/>
      <line num="42" type="stmt" count="3"/>
      <line num="43" type="stmt" count="3"/>
      <line num="44" type="stmt" count="3"/>
      <line num="45" type="stmt" count="3"/>
      <line num="46" type="stmt" count="3"/>
      <line num="47" type="stmt" count="3"/>
      <line num="48" type="stmt" count="3"/>
      <line num="49" type="stmt" count="3"/>
      <line num="52" type="method" name="getHardWrittenSQLSelectEntry" visibility="private" complexity="1" crap="1" count="3"/>
      <line num="54" type="stmt" count="3"/>
      <line num="55" type="stmt" count="3"/>
      <line num="56" type="stmt" count="3"/>
      <line num="57" type="stmt" count="3"/>
      <line num="58" type="stmt" count="3"/>
      <line num="59" type="stmt" count="3"/>
      <line num="60" type="stmt" count="3"/>
      <line num="63" type="method" name="getHardWrittenSQLDeleteEntry" visibility="private" complexity="1" crap="1" count="3"/>
      <line num="65" type="stmt" count="3"/>
      <line num="66" type="stmt" count="3"/>
      <line num="67" type="stmt" count="3"/>
      <line num="68" type="stmt" count="3"/>
      <line num="69" type="stmt" count="3"/>
      <line num="70" type="stmt" count="3"/>
      <line num="71" type="stmt" count="3"/>
      <line num="74" type="method" name="getHardWrittenSQLUpdateEntry" visibility="private" complexity="1" crap="1" count="3"/>
      <line num="76" type="stmt" count="3"/>
      <line num="77" type="stmt" count="3"/>
      <line num="78" type="stmt" count="3"/>
      <line num="79" type="stmt" count="3"/>
      <line num="80" type="stmt" count="3"/>
      <line num="81" type="stmt" count="3"/>
      <line num="82" type="stmt" count="3"/>
      <line num="85" type="method" name="getHardWrittenSQLInsertEntry" visibility="private" complexity="1" crap="1" count="3"/>
      <line num="87" type="stmt" count="3"/>
      <line num="88" type="stmt" count="3"/>
      <line num="89" type="stmt" count="3"/>
      <line num="90" type="stmt" count="3"/>
      <line num="91" type="stmt" count="3"/>
      <line num="92" type="stmt" count="3"/>
      <line num="93" type="stmt" count="3"/>
      <line num="96" type="method" name="getHardWrittenSQLJoinEntry" visibility="private" complexity="1" crap="1" count="3"/>
      <line num="98" type="stmt" count="3"/>
      <line num="99" type="stmt" count="3"/>
      <line num="100" type="stmt" count="3"/>
      <line num="101" type="stmt" count="3"/>
      <line num="102" type="stmt" count="3"/>
      <line num="103" type="stmt" count="3"/>
      <line num="104" type="stmt" count="3"/>
      <line num="111" type="method" name="run" visibility="public" complexity="11" crap="11" count="2"/>
      <line num="113" type="stmt" count="2"/>
      <line num="114" type="stmt" count="2"/>
      <line num="115" type="stmt" count="2"/>
      <line num="119" type="stmt" count="1"/>
      <line num="120" type="stmt" count="1"/>
      <line num="121" type="stmt" count="1"/>
      <line num="122" type="stmt" count="1"/>
      <line num="123" type="stmt" count="1"/>
      <line num="126" type="stmt" count="2"/>
      <line num="130" type="stmt" count="1"/>
      <line num="131" type="stmt" count="1"/>
      <line num="132" type="stmt" count="1"/>
      <line num="133" type="stmt" count="1"/>
      <line num="134" type="stmt" count="1"/>
      <line num="137" type="stmt" count="2"/>
      <line num="141" type="stmt" count="1"/>
      <line num="142" type="stmt" count="1"/>
      <line num="143" type="stmt" count="1"/>
      <line num="144" type="stmt" count="1"/>
      <line num="145" type="stmt" count="1"/>
      <line num="148" type="stmt" count="2"/>
      <line num="152" type="stmt" count="1"/>
      <line num="153" type="stmt" count="1"/>
      <line num="154" type="stmt" count="1"/>
      <line num="155" type="stmt" count="1"/>
      <line num="156" type="stmt" count="1"/>
      <line num="159" type="stmt" count="2"/>
      <line num="163" type="stmt" count="1"/>
      <line num="164" type="stmt" count="1"/>
      <line num="165" type="stmt" count="1"/>
      <line num="166" type="stmt" count="1"/>
      <line num="171" type="method" name="getProcessorTag" visibility="public" complexity="1" crap="1" count="2"/>
      <line num="173" type="stmt" count="2"/>
      <metrics loc="175" ncloc="156" classes="1" methods="11" coveredmethods="11" conditionals="0" coveredconditionals="0" statements="85" coveredstatements="85" elements="96" coveredelements="96"/>
    </file>
    <file name="/local-packages/crealoz/easy-audit/Processor/Files/Code/SpecificClassInjection.php">
      <class name="Crealoz\EasyAudit\Processor\Files\Code\SpecificClassInjection" namespace="global">
        <metrics complexity="41" methods="13" coveredmethods="11" conditionals="0" coveredconditionals="0" statements="113" coveredstatements="102" elements="126" coveredelements="113"/>
      </class>
      <line num="31" type="method" name="__construct" visibility="public" complexity="1" crap="1" count="8"/>
      <line num="40" type="stmt" count="8"/>
      <line num="43" type="method" name="prepopulateResults" visibility="public" complexity="1" crap="1" count="1"/>
      <line num="45" type="stmt" count="1"/>
      <line num="46" type="stmt" count="1"/>
      <line num="47" type="stmt" count="1"/>
      <line num="48" type="stmt" count="1"/>
      <line num="49" type="stmt" count="1"/>
      <line num="50" type="stmt" count="1"/>
      <line num="51" type="stmt" count="1"/>
      <line num="52" type="stmt" count="1"/>
      <line num="53" type="stmt" count="1"/>
      <line num="54" type="stmt" count="1"/>
      <line num="55" type="stmt" count="1"/>
      <line num="56" type="stmt" count="1"/>
      <line num="57" type="stmt" count="1"/>
      <line num="58" type="stmt" count="1"/>
      <line num="61" type="method" name="getCollectionMustUseFactoryEntry" visibility="private" complexity="1" crap="1" count="1"/>
      <line num="63" type="stmt" count="1"/>
      <line num="64" type="stmt" count="1"/>
      <line num="65" type="stmt" count="1"/>
      <line num="66" type="stmt" count="1"/>
      <line num="67" type="stmt" count="1"/>
      <line num="68" type="stmt" count="1"/>
      <line num="69" type="stmt" count="1"/>
      <line num="72" type="method" name="getRepositoryMustUseInterfaceEntry" visibility="private" complexity="1" crap="1" count="1"/>
      <line num="74" type="stmt" count="1"/>
      <line num="75" type="stmt" count="1"/>
      <line num="76" type="stmt" count="1"/>
      <line num="77" type="stmt" count="1"/>
      <line num="78" type="stmt" count="1"/>
      <line num="79" type="stmt" count="1"/>
      <line num="80" type="stmt" count="1"/>
      <line num="83" type="method" name="getSpecificModelAsArgumentEntry" visibility="private" complexity="1" crap="1" count="1"/>
      <line num="85" type="stmt" count="1"/>
      <line num="86" type="stmt" count="1"/>
      <line num="87" type="stmt" count="1"/>
      <line num="88" type="stmt" count="1"/>
      <line num="89" type="stmt" count="1"/>
      <line num="90" type="stmt" count="1"/>
      <line num="91" type="stmt" count="1"/>
      <line num="94" type="method" name="getSpecificClassAsArgumentEntry" visibility="private" complexity="1" crap="1" count="1"/>
      <line num="96" type="stmt" count="1"/>
      <line num="97" type="stmt" count="1"/>
      <line num="98" type="stmt" count="1"/>
      <line num="99" type="stmt" count="1"/>
      <line num="100" type="stmt" count="1"/>
      <line num="101" type="stmt" count="1"/>
      <line num="102" type="stmt" count="1"/>
      <line num="103" type="stmt" count="1"/>
      <line num="106" type="method" name="getResourceModelInjectionEntry" visibility="private" complexity="1" crap="1" count="1"/>
      <line num="108" type="stmt" count="1"/>
      <line num="109" type="stmt" count="1"/>
      <line num="110" type="stmt" count="1"/>
      <line num="111" type="stmt" count="1"/>
      <line num="112" type="stmt" count="1"/>
      <line num="113" type="stmt" count="1"/>
      <line num="114" type="stmt" count="1"/>
      <line num="117" type="method" name="getProcessorName" visibility="public" complexity="1" crap="1" count="1"/>
      <line num="119" type="stmt" count="1"/>
      <line num="122" type="method" name="getAuditSection" visibility="public" complexity="1" crap="1" count="1"/>
      <line num="124" type="stmt" count="1"/>
      <line num="131" type="method" name="run" visibility="public" complexity="19" crap="22.48" count="5"/>
      <line num="135" type="stmt" count="5"/>
      <line num="136" type="stmt" count="0"/>
      <line num="137" type="stmt" count="0"/>
      <line num="141" type="stmt" count="5"/>
      <line num="142" type="stmt" count="5"/>
      <line num="144" type="stmt" count="0"/>
      <line num="145" type="stmt" count="0"/>
      <line num="148" type="stmt" count="5"/>
      <line num="149" type="stmt" count="5"/>
      <line num="150" type="stmt" count="0"/>
      <line num="152" type="stmt" count="5"/>
      <line num="153" type="stmt" count="5"/>
      <line num="154" type="stmt" count="5"/>
      <line num="155" type="stmt" count="0"/>
      <line num="157" type="stmt" count="5"/>
      <line num="158" type="stmt" count="5"/>
      <line num="159" type="stmt" count="0"/>
      <line num="161" type="stmt" count="5"/>
      <line num="162" type="stmt" count="0"/>
      <line num="164" type="stmt" count="5"/>
      <line num="165" type="stmt" count="5"/>
      <line num="166" type="stmt" count="1"/>
      <line num="167" type="stmt" count="1"/>
      <line num="168" type="stmt" count="1"/>
      <line num="169" type="stmt" count="1"/>
      <line num="171" type="stmt" count="4"/>
      <line num="172" type="stmt" count="1"/>
      <line num="173" type="stmt" count="1"/>
      <line num="174" type="stmt" count="1"/>
      <line num="175" type="stmt" count="1"/>
      <line num="177" type="stmt" count="3"/>
      <line num="178" type="stmt" count="1"/>
      <line num="179" type="stmt" count="1"/>
      <line num="180" type="stmt" count="1"/>
      <line num="181" type="stmt" count="1"/>
      <line num="183" type="stmt" count="2"/>
      <line num="184" type="stmt" count="1"/>
      <line num="185" type="stmt" count="1"/>
      <line num="186" type="stmt" count="1"/>
      <line num="187" type="stmt" count="1"/>
      <line num="190" type="stmt" count="1"/>
      <line num="191" type="stmt" count="1"/>
      <line num="193" type="stmt" count="5"/>
      <line num="194" type="stmt" count="0"/>
      <line num="195" type="stmt" count="5"/>
      <line num="196" type="stmt" count="0"/>
      <line num="198" type="stmt" count="5"/>
      <line num="202" type="method" name="isArgumentIgnored" visibility="private" complexity="11" crap="11" count="5"/>
      <line num="204" type="stmt" count="5"/>
      <line num="205" type="stmt" count="5"/>
      <line num="206" type="stmt" count="5"/>
      <line num="207" type="stmt" count="5"/>
      <line num="208" type="stmt" count="5"/>
      <line num="209" type="stmt" count="5"/>
      <line num="210" type="stmt" count="5"/>
      <line num="211" type="stmt" count="5"/>
      <line num="212" type="stmt" count="5"/>
      <line num="213" type="stmt" count="5"/>
      <line num="214" type="stmt" count="5"/>
      <line num="217" type="method" name="isClassRepository" visibility="private" complexity="1" crap="1" count="1"/>
      <line num="219" type="stmt" count="1"/>
      <line num="222" type="method" name="getProcessorTag" visibility="public" complexity="1" crap="2" count="0"/>
      <line num="224" type="stmt" count="0"/>
      <metrics loc="226" ncloc="217" classes="1" methods="13" coveredmethods="11" conditionals="0" coveredconditionals="0" statements="113" coveredstatements="102" elements="126" coveredelements="113"/>
    </file>
    <file name="/local-packages/crealoz/easy-audit/Processor/Files/Code/UseOfRegistry.php">
      <class name="Crealoz\EasyAudit\Processor\Files\Code\UseOfRegistry" namespace="global">
        <metrics complexity="14" methods="7" coveredmethods="6" conditionals="0" coveredconditionals="0" statements="36" coveredstatements="30" elements="43" coveredelements="36"/>
      </class>
      <line num="18" type="method" name="__construct" visibility="public" complexity="1" crap="1" count="6"/>
      <line num="25" type="stmt" count="6"/>
      <line num="28" type="method" name="prepopulateResults" visibility="public" complexity="1" crap="1" count="4"/>
      <line num="30" type="stmt" count="4"/>
      <line num="31" type="stmt" count="4"/>
      <line num="32" type="stmt" count="4"/>
      <line num="33" type="stmt" count="4"/>
      <line num="34" type="stmt" count="4"/>
      <line num="35" type="stmt" count="4"/>
      <line num="36" type="stmt" count="4"/>
      <line num="37" type="stmt" count="4"/>
      <line num="38" type="stmt" count="4"/>
      <line num="41" type="method" name="getUseOfRegistryEntry" visibility="private" complexity="1" crap="1" count="4"/>
      <line num="43" type="stmt" count="4"/>
      <line num="44" type="stmt" count="4"/>
      <line num="45" type="stmt" count="4"/>
      <line num="46" type="stmt" count="4"/>
      <line num="47" type="stmt" count="4"/>
      <line num="48" type="stmt" count="4"/>
      <line num="49" type="stmt" count="4"/>
      <line num="52" type="method" name="getProcessorName" visibility="public" complexity="1" crap="1" count="2"/>
      <line num="54" type="stmt" count="2"/>
      <line num="57" type="method" name="getAuditSection" visibility="public" complexity="1" crap="1" count="2"/>
      <line num="59" type="stmt" count="2"/>
      <line num="67" type="method" name="run" visibility="public" complexity="8" crap="11.38" count="3"/>
      <line num="70" type="stmt" count="3"/>
      <line num="71" type="stmt" count="0"/>
      <line num="72" type="stmt" count="0"/>
      <line num="76" type="stmt" count="3"/>
      <line num="77" type="stmt" count="3"/>
      <line num="79" type="stmt" count="0"/>
      <line num="80" type="stmt" count="0"/>
      <line num="84" type="stmt" count="2"/>
      <line num="85" type="stmt" count="2"/>
      <line num="86" type="stmt" count="0"/>
      <line num="88" type="stmt" count="2"/>
      <line num="89" type="stmt" count="2"/>
      <line num="90" type="stmt" count="0"/>
      <line num="92" type="stmt" count="2"/>
      <line num="93" type="stmt" count="1"/>
      <line num="94" type="stmt" count="1"/>
      <line num="100" type="method" name="getProcessorTag" visibility="public" complexity="1" crap="1" count="1"/>
      <line num="102" type="stmt" count="1"/>
      <metrics loc="104" ncloc="98" classes="1" methods="7" coveredmethods="6" conditionals="0" coveredconditionals="0" statements="36" coveredstatements="30" elements="43" coveredelements="36"/>
    </file>
    <file name="/local-packages/crealoz/easy-audit/Processor/Files/Di/Plugins.php">
      <class name="Crealoz\EasyAudit\Processor\Files\Di\Plugins" namespace="global">
        <metrics complexity="34" methods="19" coveredmethods="15" conditionals="0" coveredconditionals="0" statements="117" coveredstatements="113" elements="136" coveredelements="128"/>
      </class>
      <line num="24" type="method" name="getProcessorName" visibility="public" complexity="1" crap="1" count="1"/>
      <line num="26" type="stmt" count="1"/>
      <line num="29" type="method" name="getAuditSection" visibility="public" complexity="1" crap="1" count="1"/>
      <line num="31" type="stmt" count="1"/>
      <line num="34" type="method" name="__construct" visibility="public" complexity="1" crap="1" count="7"/>
      <line num="43" type="stmt" count="7"/>
      <line num="46" type="method" name="prepopulateResults" visibility="public" complexity="1" crap="1" count="1"/>
      <line num="48" type="stmt" count="1"/>
      <line num="49" type="stmt" count="1"/>
      <line num="50" type="stmt" count="1"/>
      <line num="51" type="stmt" count="1"/>
      <line num="52" type="stmt" count="1"/>
      <line num="53" type="stmt" count="1"/>
      <line num="54" type="stmt" count="1"/>
      <line num="55" type="stmt" count="1"/>
      <line num="56" type="stmt" count="1"/>
      <line num="57" type="stmt" count="1"/>
      <line num="58" type="stmt" count="1"/>
      <line num="59" type="stmt" count="1"/>
      <line num="60" type="stmt" count="1"/>
      <line num="61" type="stmt" count="1"/>
      <line num="62" type="stmt" count="1"/>
      <line num="63" type="stmt" count="1"/>
      <line num="66" type="method" name="getSameModulePluginEntry" visibility="private" complexity="1" crap="1" count="1"/>
      <line num="68" type="stmt" count="1"/>
      <line num="69" type="stmt" count="1"/>
      <line num="70" type="stmt" count="1"/>
      <line num="71" type="stmt" count="1"/>
      <line num="72" type="stmt" count="1"/>
      <line num="75" type="method" name="getMagentoFrameworkPluginEntry" visibility="private" complexity="1" crap="1" count="1"/>
      <line num="77" type="stmt" count="1"/>
      <line num="78" type="stmt" count="1"/>
      <line num="79" type="stmt" count="1"/>
      <line num="80" type="stmt" count="1"/>
      <line num="81" type="stmt" count="1"/>
      <line num="84" type="method" name="getConfigProviderPluginEntry" visibility="private" complexity="1" crap="1" count="1"/>
      <line num="86" type="stmt" count="1"/>
      <line num="87" type="stmt" count="1"/>
      <line num="88" type="stmt" count="1"/>
      <line num="89" type="stmt" count="1"/>
      <line num="90" type="stmt" count="1"/>
      <line num="93" type="method" name="getNonExistentPluginFileEntry" visibility="private" complexity="1" crap="1" count="1"/>
      <line num="95" type="stmt" count="1"/>
      <line num="96" type="stmt" count="1"/>
      <line num="97" type="stmt" count="1"/>
      <line num="98" type="stmt" count="1"/>
      <line num="99" type="stmt" count="1"/>
      <line num="102" type="method" name="getInsufficientPermissionsEntry" visibility="private" complexity="1" crap="1" count="1"/>
      <line num="104" type="stmt" count="1"/>
      <line num="105" type="stmt" count="1"/>
      <line num="106" type="stmt" count="1"/>
      <line num="107" type="stmt" count="1"/>
      <line num="108" type="stmt" count="1"/>
      <line num="111" type="method" name="getAroundToBeforePluginEntry" visibility="private" complexity="1" crap="1" count="1"/>
      <line num="113" type="stmt" count="1"/>
      <line num="114" type="stmt" count="1"/>
      <line num="115" type="stmt" count="1"/>
      <line num="116" type="stmt" count="1"/>
      <line num="117" type="stmt" count="1"/>
      <line num="120" type="method" name="getAroundToAfterPluginEntry" visibility="private" complexity="1" crap="1" count="1"/>
      <line num="122" type="stmt" count="1"/>
      <line num="123" type="stmt" count="1"/>
      <line num="124" type="stmt" count="1"/>
      <line num="125" type="stmt" count="1"/>
      <line num="126" type="stmt" count="1"/>
      <line num="133" type="method" name="run" visibility="public" complexity="4" crap="4.02" count="7"/>
      <line num="136" type="stmt" count="7"/>
      <line num="137" type="stmt" count="7"/>
      <line num="138" type="stmt" count="6"/>
      <line num="139" type="stmt" count="6"/>
      <line num="141" type="stmt" count="6"/>
      <line num="142" type="stmt" count="6"/>
      <line num="143" type="stmt" count="6"/>
      <line num="144" type="stmt" count="6"/>
      <line num="145" type="stmt" count="0"/>
      <line num="147" type="stmt" count="6"/>
      <line num="157" type="method" name="processPlugin" visibility="protected" complexity="8" crap="8" count="6"/>
      <line num="160" type="stmt" count="6"/>
      <line num="161" type="stmt" count="5"/>
      <line num="162" type="stmt" count="5"/>
      <line num="163" type="stmt" count="5"/>
      <line num="164" type="stmt" count="5"/>
      <line num="167" type="stmt" count="6"/>
      <line num="168" type="stmt" count="1"/>
      <line num="169" type="stmt" count="1"/>
      <line num="170" type="stmt" count="1"/>
      <line num="171" type="stmt" count="1"/>
      <line num="173" type="stmt" count="1"/>
      <line num="174" type="stmt" count="1"/>
      <line num="177" type="stmt" count="6"/>
      <line num="178" type="stmt" count="6"/>
      <line num="179" type="stmt" count="6"/>
      <line num="180" type="stmt" count="6"/>
      <line num="183" type="stmt" count="6"/>
      <line num="184" type="stmt" count="1"/>
      <line num="185" type="stmt" count="1"/>
      <line num="186" type="stmt" count="1"/>
      <line num="187" type="stmt" count="1"/>
      <line num="191" type="stmt" count="6"/>
      <line num="192" type="stmt" count="1"/>
      <line num="193" type="stmt" count="1"/>
      <line num="194" type="stmt" count="1"/>
      <line num="195" type="stmt" count="1"/>
      <line num="199" type="stmt" count="6"/>
      <line num="200" type="stmt" count="1"/>
      <line num="201" type="stmt" count="1"/>
      <line num="202" type="stmt" count="1"/>
      <line num="203" type="stmt" count="1"/>
      <line num="213" type="method" name="isSameModulePlugin" visibility="private" complexity="2" crap="2" count="6"/>
      <line num="215" type="stmt" count="6"/>
      <line num="216" type="stmt" count="6"/>
      <line num="217" type="stmt" count="6"/>
      <line num="218" type="stmt" count="5"/>
      <line num="219" type="stmt" count="5"/>
      <line num="220" type="stmt" count="5"/>
      <line num="221" type="stmt" count="5"/>
      <line num="231" type="method" name="isMagentoFrameworkClass" visibility="private" complexity="2" crap="2" count="6"/>
      <line num="233" type="stmt" count="6"/>
      <line num="234" type="stmt" count="1"/>
      <line num="235" type="stmt" count="1"/>
      <line num="236" type="stmt" count="1"/>
      <line num="237" type="stmt" count="1"/>
      <line num="246" type="method" name="checkAroundToAfter" visibility="private" complexity="2" crap="2.15" count="6"/>
      <line num="249" type="stmt" count="6"/>
      <line num="250" type="stmt" count="1"/>
      <line num="251" type="stmt" count="0"/>
      <line num="260" type="method" name="checkAroundToBefore" visibility="private" complexity="2" crap="2.15" count="6"/>
      <line num="263" type="stmt" count="6"/>
      <line num="264" type="stmt" count="1"/>
      <line num="265" type="stmt" count="0"/>
      <line num="275" type="method" name="isCheckoutConfigProviderPlugin" visibility="private" complexity="2" crap="2.15" count="6"/>
      <line num="278" type="stmt" count="6"/>
      <line num="279" type="stmt" count="1"/>
      <line num="280" type="stmt" count="0"/>
      <line num="284" type="method" name="getProcessorTag" visibility="public" complexity="1" crap="1" count="1"/>
      <line num="286" type="stmt" count="1"/>
      <metrics loc="288" ncloc="251" classes="1" methods="19" coveredmethods="15" conditionals="0" coveredconditionals="0" statements="117" coveredstatements="113" elements="136" coveredelements="128"/>
    </file>
    <file name="/local-packages/crealoz/easy-audit/Processor/Files/Di/Plugins/AroundChecker.php">
      <class name="Crealoz\EasyAudit\Processor\Files\Di\Plugins\AroundChecker" namespace="global">
        <metrics complexity="7" methods="3" coveredmethods="0" conditionals="0" coveredconditionals="0" statements="16" coveredstatements="0" elements="19" coveredelements="0"/>
      </class>
      <line num="16" type="method" name="__construct" visibility="public" complexity="1" crap="2" count="0"/>
      <line num="22" type="stmt" count="0"/>
      <line num="30" type="method" name="execute" visibility="public" complexity="5" crap="30" count="0"/>
      <line num="32" type="stmt" count="0"/>
      <line num="33" type="stmt" count="0"/>
      <line num="34" type="stmt" count="0"/>
      <line num="35" type="stmt" count="0"/>
      <line num="36" type="stmt" count="0"/>
      <line num="37" type="stmt" count="0"/>
      <line num="38" type="stmt" count="0"/>
      <line num="39" type="stmt" count="0"/>
      <line num="40" type="stmt" count="0"/>
      <line num="41" type="stmt" count="0"/>
      <line num="44" type="stmt" count="0"/>
      <line num="45" type="stmt" count="0"/>
      <line num="50" type="method" name="getFunctionLines" visibility="protected" complexity="1" crap="2" count="0"/>
      <line num="52" type="stmt" count="0"/>
      <line num="53" type="stmt" count="0"/>
      <line num="54" type="stmt" count="0"/>
      <metrics loc="67" ncloc="51" classes="1" methods="3" coveredmethods="0" conditionals="0" coveredconditionals="0" statements="16" coveredstatements="0" elements="19" coveredelements="0"/>
    </file>
    <file name="/local-packages/crealoz/easy-audit/Processor/Files/Di/Plugins/AroundToAfter.php">
      <class name="Crealoz\EasyAudit\Processor\Files\Di\Plugins\AroundToAfter" namespace="global">
        <metrics complexity="4" methods="1" coveredmethods="0" conditionals="0" coveredconditionals="0" statements="8" coveredstatements="0" elements="9" coveredelements="0"/>
      </class>
      <line num="10" type="method" name="checkAroundMethod" visibility="protected" complexity="4" crap="20" count="0"/>
      <line num="12" type="stmt" count="0"/>
      <line num="13" type="stmt" count="0"/>
      <line num="14" type="stmt" count="0"/>
      <line num="15" type="stmt" count="0"/>
      <line num="16" type="stmt" count="0"/>
      <line num="17" type="stmt" count="0"/>
      <line num="18" type="stmt" count="0"/>
      <line num="19" type="stmt" count="0"/>
      <metrics loc="22" ncloc="22" classes="1" methods="1" coveredmethods="0" conditionals="0" coveredconditionals="0" statements="8" coveredstatements="0" elements="9" coveredelements="0"/>
    </file>
    <file name="/local-packages/crealoz/easy-audit/Processor/Files/Di/Plugins/AroundToBefore.php">
      <class name="Crealoz\EasyAudit\Processor\Files\Di\Plugins\AroundToBefore" namespace="global">
        <metrics complexity="4" methods="1" coveredmethods="0" conditionals="0" coveredconditionals="0" statements="10" coveredstatements="0" elements="11" coveredelements="0"/>
      </class>
      <line num="16" type="method" name="checkAroundMethod" visibility="protected" complexity="4" crap="20" count="0"/>
      <line num="18" type="stmt" count="0"/>
      <line num="19" type="stmt" count="0"/>
      <line num="20" type="stmt" count="0"/>
      <line num="22" type="stmt" count="0"/>
      <line num="23" type="stmt" count="0"/>
      <line num="24" type="stmt" count="0"/>
      <line num="25" type="stmt" count="0"/>
      <line num="26" type="stmt" count="0"/>
      <line num="29" type="stmt" count="0"/>
      <line num="30" type="stmt" count="0"/>
      <metrics loc="33" ncloc="26" classes="1" methods="1" coveredmethods="0" conditionals="0" coveredconditionals="0" statements="10" coveredstatements="0" elements="11" coveredelements="0"/>
    </file>
    <file name="/local-packages/crealoz/easy-audit/Processor/Files/Di/Plugins/CheckConfigProvider.php">
      <class name="Crealoz\EasyAudit\Processor\Files\Di\Plugins\CheckConfigProvider" namespace="global">
        <metrics complexity="2" methods="1" coveredmethods="0" conditionals="0" coveredconditionals="0" statements="4" coveredstatements="0" elements="5" coveredelements="0"/>
      </class>
      <line num="17" type="method" name="execute" visibility="public" complexity="2" crap="6" count="0"/>
      <line num="19" type="stmt" count="0"/>
      <line num="20" type="stmt" count="0"/>
      <line num="21" type="stmt" count="0"/>
      <line num="22" type="stmt" count="0"/>
      <metrics loc="25" ncloc="18" classes="1" methods="1" coveredmethods="0" conditionals="0" coveredconditionals="0" statements="4" coveredstatements="0" elements="5" coveredelements="0"/>
    </file>
    <file name="/local-packages/crealoz/easy-audit/Processor/Files/Logic/Modules/GetModuleConfig.php">
      <class name="Crealoz\EasyAudit\Processor\Files\Logic\Modules\GetModuleConfig" namespace="global">
        <metrics complexity="5" methods="3" coveredmethods="3" conditionals="0" coveredconditionals="0" statements="11" coveredstatements="11" elements="14" coveredelements="14"/>
      </class>
      <line num="20" type="method" name="__construct" visibility="public" complexity="1" crap="1" count="2"/>
      <line num="24" type="stmt" count="2"/>
      <line num="29" type="method" name="process" visibility="public" complexity="3" crap="3" count="2"/>
      <line num="32" type="stmt" count="2"/>
      <line num="33" type="stmt" count="2"/>
      <line num="34" type="stmt" count="2"/>
      <line num="35" type="stmt" count="2"/>
      <line num="36" type="stmt" count="1"/>
      <line num="37" type="stmt" count="1"/>
      <line num="40" type="stmt" count="1"/>
      <line num="48" type="method" name="getDisabledModuleNames" visibility="private" complexity="1" crap="1" count="2"/>
      <line num="50" type="stmt" count="2"/>
      <line num="51" type="stmt" count="2"/>
      <line num="53" type="stmt" count="2"/>
      <metrics loc="56" ncloc="42" classes="1" methods="3" coveredmethods="3" conditionals="0" coveredconditionals="0" statements="11" coveredstatements="11" elements="14" coveredelements="14"/>
    </file>
    <file name="/local-packages/crealoz/easy-audit/Processor/Files/Logic/UnusedModules.php">
      <class name="Crealoz\EasyAudit\Processor\Files\Logic\UnusedModules" namespace="global">
        <metrics complexity="9" methods="7" coveredmethods="7" conditionals="0" coveredconditionals="0" statements="26" coveredstatements="26" elements="33" coveredelements="33"/>
      </class>
      <line num="13" type="method" name="getAuditSection" visibility="public" complexity="1" crap="1" count="2"/>
      <line num="15" type="stmt" count="2"/>
      <line num="18" type="method" name="getProcessorName" visibility="public" complexity="1" crap="1" count="2"/>
      <line num="20" type="stmt" count="2"/>
      <line num="23" type="method" name="__construct" visibility="public" complexity="1" crap="1" count="5"/>
      <line num="28" type="stmt" count="5"/>
      <line num="31" type="method" name="prepopulateResults" visibility="public" complexity="1" crap="1" count="5"/>
      <line num="33" type="stmt" count="5"/>
      <line num="34" type="stmt" count="5"/>
      <line num="35" type="stmt" count="5"/>
      <line num="36" type="stmt" count="5"/>
      <line num="37" type="stmt" count="5"/>
      <line num="38" type="stmt" count="5"/>
      <line num="39" type="stmt" count="5"/>
      <line num="40" type="stmt" count="5"/>
      <line num="41" type="stmt" count="5"/>
      <line num="44" type="method" name="getUnusedModulesEntry" visibility="private" complexity="1" crap="1" count="5"/>
      <line num="46" type="stmt" count="5"/>
      <line num="47" type="stmt" count="5"/>
      <line num="48" type="stmt" count="5"/>
      <line num="49" type="stmt" count="5"/>
      <line num="50" type="stmt" count="5"/>
      <line num="51" type="stmt" count="5"/>
      <line num="52" type="stmt" count="5"/>
      <line num="53" type="stmt" count="5"/>
      <line num="59" type="method" name="run" visibility="public" complexity="3" crap="3" count="2"/>
      <line num="61" type="stmt" count="2"/>
      <line num="62" type="stmt" count="2"/>
      <line num="63" type="stmt" count="1"/>
      <line num="64" type="stmt" count="1"/>
      <line num="65" type="stmt" count="1"/>
      <line num="70" type="method" name="getProcessorTag" visibility="public" complexity="1" crap="1" count="1"/>
      <line num="72" type="stmt" count="1"/>
      <metrics loc="74" ncloc="71" classes="1" methods="7" coveredmethods="7" conditionals="0" coveredconditionals="0" statements="26" coveredstatements="26" elements="33" coveredelements="33"/>
    </file>
    <file name="/local-packages/crealoz/easy-audit/Processor/Files/View/Cacheable.php">
      <class name="Crealoz\EasyAudit\Processor\Files\View\Cacheable" namespace="global">
        <metrics complexity="10" methods="6" coveredmethods="5" conditionals="0" coveredconditionals="0" statements="28" coveredstatements="27" elements="34" coveredelements="32"/>
      </class>
      <line num="12" type="method" name="getProcessorName" visibility="public" complexity="1" crap="1" count="2"/>
      <line num="14" type="stmt" count="2"/>
      <line num="17" type="method" name="getAuditSection" visibility="public" complexity="1" crap="1" count="2"/>
      <line num="19" type="stmt" count="2"/>
      <line num="22" type="method" name="prepopulateResults" visibility="public" complexity="1" crap="1" count="5"/>
      <line num="24" type="stmt" count="5"/>
      <line num="25" type="stmt" count="5"/>
      <line num="26" type="stmt" count="5"/>
      <line num="27" type="stmt" count="5"/>
      <line num="28" type="stmt" count="5"/>
      <line num="29" type="stmt" count="5"/>
      <line num="30" type="stmt" count="5"/>
      <line num="31" type="stmt" count="5"/>
      <line num="32" type="stmt" count="5"/>
      <line num="35" type="method" name="getUseCacheableEntry" visibility="private" complexity="1" crap="1" count="5"/>
      <line num="37" type="stmt" count="5"/>
      <line num="38" type="stmt" count="5"/>
      <line num="39" type="stmt" count="5"/>
      <line num="40" type="stmt" count="5"/>
      <line num="41" type="stmt" count="5"/>
      <line num="42" type="stmt" count="5"/>
      <line num="43" type="stmt" count="5"/>
      <line num="46" type="method" name="run" visibility="public" complexity="5" crap="5.03" count="2"/>
      <line num="48" type="stmt" count="2"/>
      <line num="49" type="stmt" count="2"/>
      <line num="50" type="stmt" count="1"/>
      <line num="51" type="stmt" count="1"/>
      <line num="52" type="stmt" count="1"/>
      <line num="53" type="stmt" count="1"/>
      <line num="54" type="stmt" count="1"/>
      <line num="55" type="stmt" count="0"/>
      <line num="58" type="stmt" count="1"/>
      <line num="63" type="method" name="getProcessorTag" visibility="public" complexity="1" crap="1" count="1"/>
      <line num="65" type="stmt" count="1"/>
      <metrics loc="67" ncloc="67" classes="1" methods="6" coveredmethods="5" conditionals="0" coveredconditionals="0" statements="28" coveredstatements="27" elements="34" coveredelements="32"/>
    </file>
    <file name="/local-packages/crealoz/easy-audit/Processor/Results/ErroneousFiles.php">
      <class name="Crealoz\EasyAudit\Processor\Results\ErroneousFiles" namespace="global">
        <metrics complexity="10" methods="3" coveredmethods="3" conditionals="0" coveredconditionals="0" statements="29" coveredstatements="29" elements="32" coveredelements="32"/>
      </class>
      <line num="10" type="method" name="__construct" visibility="public" complexity="1" crap="1" count="1"/>
      <line num="14" type="stmt" count="1"/>
      <line num="22" type="method" name="processResults" visibility="public" complexity="5" crap="5" count="1"/>
      <line num="24" type="stmt" count="1"/>
      <line num="25" type="stmt" count="1"/>
      <line num="26" type="stmt" count="1"/>
      <line num="27" type="stmt" count="1"/>
      <line num="28" type="stmt" count="1"/>
      <line num="29" type="stmt" count="1"/>
      <line num="30" type="stmt" count="1"/>
      <line num="31" type="stmt" count="1"/>
      <line num="32" type="stmt" count="1"/>
      <line num="33" type="stmt" count="1"/>
      <line num="35" type="stmt" count="1"/>
      <line num="37" type="stmt" count="1"/>
      <line num="40" type="stmt" count="1"/>
      <line num="41" type="stmt" count="1"/>
      <line num="42" type="stmt" count="1"/>
      <line num="44" type="stmt" count="1"/>
      <line num="45" type="stmt" count="1"/>
      <line num="46" type="stmt" count="1"/>
      <line num="47" type="stmt" count="1"/>
      <line num="49" type="stmt" count="1"/>
      <line num="51" type="stmt" count="1"/>
      <line num="61" type="method" name="getScope" visibility="private" complexity="4" crap="4" count="1"/>
      <line num="63" type="stmt" count="1"/>
      <line num="64" type="stmt" count="1"/>
      <line num="66" type="stmt" count="1"/>
      <line num="67" type="stmt" count="1"/>
      <line num="69" type="stmt" count="1"/>
      <line num="70" type="stmt" count="1"/>
      <line num="72" type="stmt" count="1"/>
      <metrics loc="74" ncloc="62" classes="1" methods="3" coveredmethods="3" conditionals="0" coveredconditionals="0" statements="29" coveredstatements="29" elements="32" coveredelements="32"/>
    </file>
    <file name="/local-packages/crealoz/easy-audit/Processor/Type/AbstractType.php">
      <class name="Crealoz\EasyAudit\Processor\Type\AbstractType" namespace="global">
[...]
      <line num="28" type="stmt" count="2"/>
      <line num="29" type="stmt" count="2"/>
      <line num="38" type="method" name="calculateSectionIntroSize" visibility="public" complexity="4" crap="4.13" count="2"/>
      <line num="40" type="stmt" count="2"/>
      <line num="41" type="stmt" count="2"/>
      <line num="42" type="stmt" count="2"/>
      <line num="44" type="stmt" count="2"/>
      <line num="45" type="stmt" count="2"/>
      <line num="46" type="stmt" count="2"/>
      <line num="48" type="stmt" count="2"/>
      <line num="49" type="stmt" count="0"/>
      <line num="50" type="stmt" count="0"/>
      <line num="52" type="stmt" count="2"/>
      <line num="63" type="method" name="calculateMultidimensionalArraySize" visibility="public" complexity="6" crap="6.03" count="1"/>
      <line num="65" type="stmt" count="1"/>
      <line num="66" type="stmt" count="1"/>
      <line num="67" type="stmt" count="0"/>
      <line num="69" type="stmt" count="1"/>
      <line num="70" type="stmt" count="1"/>
      <line num="71" type="stmt" count="1"/>
      <line num="73" type="stmt" count="1"/>
      <line num="74" type="stmt" count="1"/>
      <line num="75" type="stmt" count="1"/>
      <line num="77" type="stmt" count="1"/>
      <line num="80" type="stmt" count="1"/>
      <line num="90" type="method" name="calculateNumberOfLines" visibility="private" complexity="1" crap="1" count="2"/>
      <line num="92" type="stmt" count="2"/>
      <line num="102" type="method" name="getSizeForText" visibility="public" complexity="2" crap="2.15" count="1"/>
      <line num="104" type="stmt" count="1"/>
      <line num="105" type="stmt" count="0"/>
      <line num="107" type="stmt" count="1"/>
      <line num="114" type="method" name="getNumberOfPagesForFiles" visibility="public" complexity="6" crap="6.07" count="2"/>
      <line num="116" type="stmt" count="2"/>
      <line num="117" type="stmt" count="2"/>
      <line num="118" type="stmt" count="2"/>
      <line num="119" type="stmt" count="2"/>
      <line num="120" type="stmt" count="0"/>
      <line num="121" type="stmt" count="0"/>
      <line num="123" type="stmt" count="2"/>
      <line num="124" type="stmt" count="2"/>
      <line num="125" type="stmt" count="2"/>
      <line num="126" type="stmt" count="2"/>
      <line num="127" type="stmt" count="2"/>
      <line num="128" type="stmt" count="2"/>
      <line num="129" type="stmt" count="2"/>
      <line num="132" type="stmt" count="1"/>
      <line num="133" type="stmt" count="1"/>
      <line num="137" type="stmt" count="2"/>
      <metrics loc="139" ncloc="100" classes="1" methods="7" coveredmethods="3" conditionals="0" coveredconditionals="0" statements="46" coveredstatements="40" elements="53" coveredelements="43"/>
    </file>
    <file name="/local-packages/crealoz/easy-audit/Service/PDFWriter/SpecificSection/AbstractSection.php">
      <class name="Crealoz\EasyAudit\Service\PDFWriter\SpecificSection\AbstractSection" namespace="global">
        <metrics complexity="5" methods="3" coveredmethods="2" conditionals="0" coveredconditionals="0" statements="7" coveredstatements="4" elements="10" coveredelements="6"/>
      </class>
      <line num="9" type="method" name="__construct" visibility="public" complexity="1" crap="1" count="8"/>
      <line num="13" type="stmt" count="8"/>
      <line num="25" type="method" name="writeSection" visibility="public" complexity="2" crap="6" count="0"/>
      <line num="27" type="stmt" count="0"/>
      <line num="28" type="stmt" count="0"/>
      <line num="30" type="stmt" count="0"/>
      <line num="50" type="method" name="manageColumnPage" visibility="protected" complexity="2" crap="2" count="2"/>
      <line num="52" type="stmt" count="2"/>
      <line num="53" type="stmt" count="2"/>
      <line num="54" type="stmt" count="2"/>
      <metrics loc="57" ncloc="33" classes="1" methods="3" coveredmethods="2" conditionals="0" coveredconditionals="0" statements="7" coveredstatements="4" elements="10" coveredelements="6"/>
    </file>
    <file name="/local-packages/crealoz/easy-audit/Service/PDFWriter/SpecificSection/BlockVMRatio.php">
      <class name="Crealoz\EasyAudit\Service\PDFWriter\SpecificSection\BlockVMRatio" namespace="global">
        <metrics complexity="7" methods="4" coveredmethods="4" conditionals="0" coveredconditionals="0" statements="14" coveredstatements="14" elements="18" coveredelements="18"/>
      </class>
      <line num="10" type="method" name="writeContent" visibility="protected" complexity="2" crap="2" count="1"/>
      <line num="12" type="stmt" count="1"/>
      <line num="13" type="stmt" count="1"/>
      <line num="14" type="stmt" count="1"/>
      <line num="15" type="stmt" count="1"/>
      <line num="22" type="method" name="calculateSize" visibility="public" complexity="2" crap="2" count="1"/>
      <line num="24" type="stmt" count="1"/>
      <line num="25" type="stmt" count="1"/>
      <line num="26" type="stmt" count="1"/>
      <line num="27" type="stmt" count="1"/>
      <line num="29" type="stmt" count="1"/>
      <line num="32" type="method" name="getLine" visibility="public" complexity="1" crap="1" count="3"/>
      <line num="34" type="stmt" count="3"/>
      <line num="37" type="method" name="getPHPFormatedText" visibility="public" complexity="2" crap="2" count="1"/>
      <line num="39" type="stmt" count="1"/>
      <line num="40" type="stmt" count="1"/>
      <line num="41" type="stmt" count="1"/>
      <line num="43" type="stmt" count="1"/>
      <metrics loc="45" ncloc="42" classes="1" methods="4" coveredmethods="4" conditionals="0" coveredconditionals="0" statements="14" coveredstatements="14" elements="18" coveredelements="18"/>
    </file>
    <file name="/local-packages/crealoz/easy-audit/Service/PDFWriter/SpecificSection/SpecificClass.php">
      <class name="Crealoz\EasyAudit\Service\PDFWriter\SpecificSection\SpecificClass" namespace="global">
        <metrics complexity="8" methods="5" coveredmethods="0" conditionals="0" coveredconditionals="0" statements="15" coveredstatements="0" elements="20" coveredelements="0"/>
      </class>
      <line num="12" type="method" name="__construct" visibility="public" complexity="1" crap="2" count="0"/>
      <line num="17" type="stmt" count="0"/>
      <line num="23" type="method" name="writeContent" visibility="protected" complexity="2" crap="6" count="0"/>
      <line num="25" type="stmt" count="0"/>
      <line num="26" type="stmt" count="0"/>
      <line num="27" type="stmt" count="0"/>
      <line num="28" type="stmt" count="0"/>
      <line num="35" type="method" name="calculateSize" visibility="public" complexity="2" crap="6" count="0"/>
      <line num="37" type="stmt" count="0"/>
      <line num="38" type="stmt" count="0"/>
      <line num="39" type="stmt" count="0"/>
      <line num="40" type="stmt" count="0"/>
      <line num="42" type="stmt" count="0"/>
      <line num="48" type="method" name="getLine" visibility="public" complexity="1" crap="2" count="0"/>
      <line num="50" type="stmt" count="0"/>
      <line num="56" type="method" name="getPHPFormatedText" visibility="public" complexity="2" crap="6" count="0"/>
      <line num="58" type="stmt" count="0"/>
      <line num="59" type="stmt" count="0"/>
      <line num="60" type="stmt" count="0"/>
      <line num="62" type="stmt" count="0"/>
      <metrics loc="64" ncloc="52" classes="1" methods="5" coveredmethods="0" conditionals="0" coveredconditionals="0" statements="15" coveredstatements="0" elements="20" coveredelements="0"/>
    </file>
    <file name="/local-packages/crealoz/easy-audit/Service/PDFWriter/SpecificSection/SpecificModel.php">
      <class name="Crealoz\EasyAudit\Service\PDFWriter\SpecificSection\SpecificModel" namespace="global">
        <metrics complexity="10" methods="5" coveredmethods="5" conditionals="0" coveredconditionals="0" statements="21" coveredstatements="21" elements="26" coveredelements="26"/>
      </class>
      <line num="12" type="method" name="__construct" visibility="public" complexity="1" crap="1" count="4"/>
      <line num="17" type="stmt" count="4"/>
      <line num="23" type="method" name="writeContent" visibility="protected" complexity="3" crap="3" count="1"/>
      <line num="25" type="stmt" count="1"/>
      <line num="26" type="stmt" count="1"/>
      <line num="27" type="stmt" count="1"/>
      <line num="28" type="stmt" count="1"/>
      <line num="29" type="stmt" count="1"/>
      <line num="30" type="stmt" count="1"/>
      <line num="38" type="method" name="calculateSize" visibility="public" complexity="1" crap="1" count="1"/>
      <line num="40" type="stmt" count="1"/>
      <line num="41" type="stmt" count="1"/>
      <line num="42" type="stmt" count="1"/>
      <line num="43" type="stmt" count="1"/>
      <line num="46" type="method" name="getLine" visibility="public" complexity="3" crap="3" count="2"/>
      <line num="48" type="stmt" count="2"/>
      <line num="49" type="stmt" count="1"/>
      <line num="51" type="stmt" count="2"/>
      <line num="52" type="stmt" count="2"/>
      <line num="53" type="stmt" count="2"/>
      <line num="55" type="stmt" count="2"/>
      <line num="58" type="method" name="getPHPFormatedText" visibility="public" complexity="2" crap="2" count="1"/>
      <line num="60" type="stmt" count="1"/>
      <line num="61" type="stmt" count="1"/>
      <line num="62" type="stmt" count="1"/>
      <line num="64" type="stmt" count="1"/>
      <metrics loc="66" ncloc="60" classes="1" methods="5" coveredmethods="5" conditionals="0" coveredconditionals="0" statements="21" coveredstatements="21" elements="26" coveredelements="26"/>
    </file>
    <file name="/local-packages/crealoz/easy-audit/Service/PDFWriter/SpecificSection/UnusedModules.php">
      <class name="Crealoz\EasyAudit\Service\PDFWriter\SpecificSection\UnusedModules" namespace="global">
        <metrics complexity="7" methods="4" coveredmethods="0" conditionals="0" coveredconditionals="0" statements="15" coveredstatements="0" elements="19" coveredelements="0"/>
      </class>
      <line num="14" type="method" name="writeContent" visibility="protected" complexity="2" crap="6" count="0"/>
      <line num="16" type="stmt" count="0"/>
      <line num="17" type="stmt" count="0"/>
      <line num="18" type="stmt" count="0"/>
      <line num="19" type="stmt" count="0"/>
      <line num="26" type="method" name="calculateSize" visibility="public" complexity="2" crap="6" count="0"/>
      <line num="28" type="stmt" count="0"/>
      <line num="29" type="stmt" count="0"/>
      <line num="30" type="stmt" count="0"/>
      <line num="31" type="stmt" count="0"/>
      <line num="33" type="stmt" count="0"/>
      <line num="36" type="method" name="getLine" visibility="public" complexity="1" crap="2" count="0"/>
      <line num="38" type="stmt" count="0"/>
      <line num="39" type="stmt" count="0"/>
      <line num="42" type="method" name="getPHPFormatedText" visibility="public" complexity="2" crap="6" count="0"/>
      <line num="44" type="stmt" count="0"/>
      <line num="45" type="stmt" count="0"/>
      <line num="46" type="stmt" count="0"/>
      <line num="48" type="stmt" count="0"/>
      <metrics loc="50" ncloc="44" classes="1" methods="4" coveredmethods="0" conditionals="0" coveredconditionals="0" statements="15" coveredstatements="0" elements="19" coveredelements="0"/>
    </file>
    <file name="/local-packages/crealoz/easy-audit/Service/PDFWriter/SpecificSectionGetter.php">
      <class name="Crealoz\EasyAudit\Service\PDFWriter\SpecificSectionGetter" namespace="global">
        <metrics complexity="4" methods="2" coveredmethods="2" conditionals="0" coveredconditionals="0" statements="4" coveredstatements="4" elements="6" coveredelements="6"/>
      </class>
      <line num="9" type="method" name="__construct" visibility="public" complexity="1" crap="1" count="2"/>
      <line num="13" type="stmt" count="2"/>
      <line num="20" type="method" name="getSpecificSection" visibility="public" complexity="3" crap="3" count="2"/>
      <line num="22" type="stmt" count="2"/>
      <line num="23" type="stmt" count="1"/>
      <line num="25" type="stmt" count="1"/>
      <metrics loc="27" ncloc="22" classes="1" methods="2" coveredmethods="2" conditionals="0" coveredconditionals="0" statements="4" coveredstatements="4" elements="6" coveredelements="6"/>
    </file>
    <file name="/local-packages/crealoz/easy-audit/Service/PDFWriter/StyleManager.php">
      <class name="Crealoz\EasyAudit\Service\PDFWriter\StyleManager" namespace="global">
        <metrics complexity="6" methods="6" coveredmethods="6" conditionals="0" coveredconditionals="0" statements="16" coveredstatements="16" elements="22" coveredelements="22"/>
      </class>
      <line num="23" type="method" name="setGeneralStyle" visibility="public" complexity="1" crap="1" count="5"/>
      <line num="25" type="stmt" count="5"/>
      <line num="26" type="stmt" count="5"/>
      <line num="27" type="stmt" count="5"/>
      <line num="28" type="stmt" count="5"/>
      <line num="29" type="stmt" count="5"/>
      <line num="30" type="stmt" count="5"/>
      <line num="40" type="method" name="setTitleStyle" visibility="public" complexity="1" crap="1" count="1"/>
      <line num="42" type="stmt" count="1"/>
      <line num="52" type="method" name="setSubTitleStyle" visibility="public" complexity="1" crap="1" count="1"/>
      <line num="54" type="stmt" count="1"/>
      <line num="57" type="method" name="setErrorStyle" visibility="public" complexity="1" crap="1" count="1"/>
      <line num="59" type="stmt" count="1"/>
      <line num="62" type="method" name="setWarningStyle" visibility="public" complexity="1" crap="1" count="1"/>
      <line num="64" type="stmt" count="1"/>
      <line num="67" type="method" name="setColorStyle" visibility="private" complexity="1" crap="1" count="1"/>
      <line num="69" type="stmt" count="1"/>
      <line num="70" type="stmt" count="1"/>
      <line num="71" type="stmt" count="1"/>
      <line num="72" type="stmt" count="1"/>
      <line num="73" type="stmt" count="1"/>
      <line num="74" type="stmt" count="1"/>
      <metrics loc="77" ncloc="48" classes="1" methods="6" coveredmethods="6" conditionals="0" coveredconditionals="0" statements="16" coveredstatements="16" elements="22" coveredelements="22"/>
    </file>
    <file name="/local-packages/crealoz/easy-audit/Service/Parser/Functions.php">
      <class name="Crealoz\EasyAudit\Service\Parser\Functions" namespace="global">
        <metrics complexity="2" methods="1" coveredmethods="0" conditionals="0" coveredconditionals="0" statements="12" coveredstatements="0" elements="13" coveredelements="0"/>
      </class>
      <line num="16" type="method" name="getFunctionContent" visibility="public" complexity="2" crap="6" count="0"/>
      <line num="18" type="stmt" count="0"/>
      <line num="19" type="stmt" count="0"/>
      <line num="20" type="stmt" count="0"/>
      <line num="21" type="stmt" count="0"/>
      <line num="22" type="stmt" count="0"/>
      <line num="24" type="stmt" count="0"/>
      <line num="25" type="stmt" count="0"/>
      <line num="26" type="stmt" count="0"/>
      <line num="27" type="stmt" count="0"/>
      <line num="28" type="stmt" count="0"/>
      <line num="29" type="stmt" count="0"/>
      <line num="31" type="stmt" count="0"/>
      <metrics loc="34" ncloc="28" classes="1" methods="1" coveredmethods="0" conditionals="0" coveredconditionals="0" statements="12" coveredstatements="0" elements="13" coveredelements="0"/>
    </file>
    <file name="/local-packages/crealoz/easy-audit/Ui/Audit/Listing/FileColumn.php">
      <class name="Crealoz\EasyAudit\Ui\Audit\Listing\FileColumn" namespace="global">
        <metrics complexity="4" methods="2" coveredmethods="2" conditionals="0" coveredconditionals="0" statements="10" coveredstatements="10" elements="12" coveredelements="12"/>
      </class>
      <line num="12" type="method" name="__construct" visibility="public" complexity="1" crap="1" count="1"/>
      <line num="21" type="stmt" count="1"/>
      <line num="24" type="method" name="prepareDataSource" visibility="public" complexity="3" crap="3" count="1"/>
      <line num="26" type="stmt" count="1"/>
      <line num="27" type="stmt" count="1"/>
      <line num="28" type="stmt" count="1"/>
      <line num="29" type="stmt" count="1"/>
      <line num="31" type="stmt" count="1"/>
      <line num="32" type="stmt" count="1"/>
      <line num="33" type="stmt" count="1"/>
      <line num="35" type="stmt" count="1"/>
      <line num="36" type="stmt" count="1"/>
      <metrics loc="38" ncloc="38" classes="1" methods="2" coveredmethods="2" conditionals="0" coveredconditionals="0" statements="10" coveredstatements="10" elements="12" coveredelements="12"/>
    </file>
    <file name="/local-packages/crealoz/easy-audit/Ui/Request/Form/AuditTypes.php">
      <class name="Crealoz\EasyAudit\Ui\Request\Form\AuditTypes" namespace="global">
        <metrics complexity="7" methods="3" coveredmethods="3" conditionals="0" coveredconditionals="0" statements="16" coveredstatements="16" elements="19" coveredelements="19"/>
      </class>
      <line num="10" type="method" name="__construct" visibility="public" complexity="1" crap="1" count="1"/>
      <line num="15" type="stmt" count="1"/>
      <line num="17" type="method" name="toOptionArray" visibility="public" complexity="2" crap="2" count="1"/>
      <line num="19" type="stmt" count="1"/>
      <line num="20" type="stmt" count="1"/>
      <line num="21" type="stmt" count="1"/>
      <line num="22" type="stmt" count="1"/>
      <line num="23" type="stmt" count="1"/>
      <line num="24" type="stmt" count="1"/>
      <line num="25" type="stmt" count="1"/>
      <line num="27" type="stmt" count="1"/>
      <line num="30" type="method" name="recursivelyGetProcessor" visibility="protected" complexity="4" crap="4" count="1"/>
      <line num="32" type="stmt" count="1"/>
      <line num="33" type="stmt" count="1"/>
      <line num="34" type="stmt" count="1"/>
      <line num="35" type="stmt" count="1"/>
      <line num="36" type="stmt" count="1"/>
      <line num="38" type="stmt" count="1"/>
      <line num="41" type="stmt" count="1"/>
      <metrics loc="43" ncloc="43" classes="1" methods="3" coveredmethods="3" conditionals="0" coveredconditionals="0" statements="16" coveredstatements="16" elements="19" coveredelements="19"/>
    </file>
    <file name="/local-packages/crealoz/easy-audit/Ui/Request/Form/Languages.php">
      <class name="Crealoz\EasyAudit\Ui\Request\Form\Languages" namespace="global">
        <metrics complexity="3" methods="2" coveredmethods="2" conditionals="0" coveredconditionals="0" statements="9" coveredstatements="9" elements="11" coveredelements="11"/>
      </class>
      <line num="9" type="method" name="__construct" visibility="public" complexity="1" crap="1" count="1"/>
      <line num="13" type="stmt" count="1"/>
      <line num="15" type="method" name="toOptionArray" visibility="public" complexity="2" crap="2" count="1"/>
      <line num="17" type="stmt" count="1"/>
      <line num="18" type="stmt" count="1"/>
      <line num="19" type="stmt" count="1"/>
      <line num="20" type="stmt" count="1"/>
      <line num="21" type="stmt" count="1"/>
      <line num="22" type="stmt" count="1"/>
      <line num="23" type="stmt" count="1"/>
      <line num="25" type="stmt" count="1"/>
      <metrics loc="27" ncloc="27" classes="1" methods="2" coveredmethods="2" conditionals="0" coveredconditionals="0" statements="9" coveredstatements="9" elements="11" coveredelements="11"/>
    </file>
    <metrics files="74" loc="5045" ncloc="4203" classes="66" methods="302" coveredmethods="213" conditionals="0" coveredconditionals="0" statements="1577" coveredstatements="1236" elements="1879" coveredelements="1449"/>
  </project>
</coverage>
